<?xml version="1.0" encoding="UTF-8"?>
<coverage generated="1754909579820" clover="3.2.0">
  <project timestamp="1754909579820" name="All files">
    <metrics statements="150" coveredstatements="141" conditionals="104" coveredconditionals="96" methods="44" coveredmethods="41" elements="298" coveredelements="278" complexity="0" loc="150" ncloc="150" packages="1" files="1" classes="1"/>
    <file name="checkStructure.js" path="C:\Users\fmerton001\Desktop\pwc-code-refactor-tool\code-refactoring-tool\features\checkStructure.js">
      <metrics statements="150" coveredstatements="141" conditionals="104" coveredconditionals="96" methods="44" coveredmethods="41"/>
      <line num="1" count="1" type="stmt"/>
      <line num="2" count="1" type="stmt"/>
      <line num="3" count="1" type="stmt"/>
      <line num="4" count="1" type="stmt"/>
      <line num="5" count="1" type="stmt"/>
      <line num="6" count="1" type="stmt"/>
      <line num="9" count="1" type="stmt"/>
      <line num="18" count="1" type="stmt"/>
      <line num="22" count="5" type="stmt"/>
      <line num="23" count="5" type="cond" truecount="2" falsecount="0"/>
      <line num="25" count="4" type="stmt"/>
      <line num="26" count="4" type="stmt"/>
      <line num="28" count="4" type="cond" truecount="2" falsecount="0"/>
      <line num="29" count="1" type="stmt"/>
      <line num="31" count="3" type="cond" truecount="2" falsecount="0"/>
      <line num="32" count="1" type="stmt"/>
      <line num="33" count="1" type="cond" truecount="1" falsecount="1"/>
      <line num="34" count="0" type="stmt"/>
      <line num="37" count="2" type="stmt"/>
      <line num="38" count="2" type="stmt"/>
      <line num="41" count="2" type="stmt"/>
      <line num="42" count="2" type="stmt"/>
      <line num="44" count="1" type="stmt"/>
      <line num="49" count="1" type="stmt"/>
      <line num="50" count="1" type="stmt"/>
      <line num="51" count="1" type="stmt"/>
      <line num="52" count="1" type="stmt"/>
      <line num="57" count="2" type="stmt"/>
      <line num="65" count="2" type="stmt"/>
      <line num="71" count="2" type="stmt"/>
      <line num="72" count="2" type="stmt"/>
      <line num="76" count="2" type="stmt"/>
      <line num="77" count="2" type="cond" truecount="2" falsecount="0"/>
      <line num="78" count="1" type="stmt"/>
      <line num="79" count="1" type="stmt"/>
      <line num="81" count="2" type="cond" truecount="2" falsecount="0"/>
      <line num="82" count="1" type="stmt"/>
      <line num="88" count="1" type="stmt"/>
      <line num="89" count="1" type="stmt"/>
      <line num="93" count="1" type="stmt"/>
      <line num="94" count="1" type="stmt"/>
      <line num="95" count="1" type="stmt"/>
      <line num="103" count="3" type="stmt"/>
      <line num="107" count="11" type="stmt"/>
      <line num="108" count="11" type="stmt"/>
      <line num="110" count="11" type="stmt"/>
      <line num="112" count="14" type="stmt"/>
      <line num="113" count="14" type="stmt"/>
      <line num="114" count="14" type="cond" truecount="2" falsecount="0"/>
      <line num="115" count="1" type="stmt"/>
      <line num="117" count="14" type="stmt"/>
      <line num="118" count="14" type="cond" truecount="2" falsecount="0"/>
      <line num="119" count="13" type="stmt"/>
      <line num="123" count="11" type="stmt"/>
      <line num="127" count="15" type="cond" truecount="1" falsecount="1"/>
      <line num="128" count="15" type="stmt"/>
      <line num="129" count="15" type="stmt"/>
      <line num="130" count="15" type="stmt"/>
      <line num="131" count="15" type="cond" truecount="2" falsecount="0"/>
      <line num="132" count="15" type="stmt"/>
      <line num="133" count="15" type="stmt"/>
      <line num="134" count="15" type="stmt"/>
      <line num="136" count="15" type="stmt"/>
      <line num="138" count="425" type="cond" truecount="2" falsecount="0"/>
      <line num="139" count="37" type="stmt"/>
      <line num="140" count="37" type="stmt"/>
      <line num="141" count="37" type="cond" truecount="2" falsecount="0"/>
      <line num="143" count="425" type="cond" truecount="2" falsecount="0"/>
      <line num="148" count="4" type="stmt"/>
      <line num="152" count="425" type="cond" truecount="2" falsecount="0"/>
      <line num="156" count="15" type="stmt"/>
      <line num="160" count="16" type="stmt"/>
      <line num="161" count="16" type="stmt"/>
      <line num="163" count="16" type="stmt"/>
      <line num="165" count="431" type="cond" truecount="2" falsecount="0"/>
      <line num="169" count="54" type="stmt"/>
      <line num="171" count="431" type="cond" truecount="2" falsecount="0"/>
      <line num="175" count="16" type="cond" truecount="2" falsecount="0"/>
      <line num="179" count="850" type="stmt"/>
      <line num="190" count="37" type="stmt"/>
      <line num="200" count="11" type="cond" truecount="2" falsecount="0"/>
      <line num="202" count="14" type="stmt"/>
      <line num="205" count="11" type="cond" truecount="1" falsecount="1"/>
      <line num="209" count="100" type="cond" truecount="2" falsecount="0"/>
      <line num="216" count="14" type="stmt"/>
      <line num="217" count="14" type="stmt"/>
      <line num="218" count="11" type="stmt"/>
      <line num="220" count="14" type="cond" truecount="2" falsecount="0"/>
      <line num="223" count="11" type="stmt"/>
      <line num="234" count="11" type="stmt"/>
      <line num="236" count="11" type="stmt"/>
      <line num="258" count="11" type="stmt"/>
      <line num="260" count="11" type="cond" truecount="2" falsecount="0"/>
      <line num="261" count="8" type="stmt"/>
      <line num="271" count="14" type="stmt"/>
      <line num="272" count="11" type="cond" truecount="2" falsecount="0"/>
      <line num="273" count="1" type="stmt"/>
      <line num="274" count="1" type="stmt"/>
      <line num="276" count="1" type="stmt"/>
      <line num="281" count="14" type="stmt"/>
      <line num="282" count="11" type="cond" truecount="2" falsecount="0"/>
      <line num="283" count="1" type="stmt"/>
      <line num="286" count="1" type="stmt"/>
      <line num="289" count="1" type="stmt"/>
      <line num="294" count="14" type="stmt"/>
      <line num="295" count="11" type="cond" truecount="2" falsecount="0"/>
      <line num="296" count="6" type="stmt"/>
      <line num="297" count="5" type="stmt"/>
      <line num="302" count="11" type="stmt"/>
      <line num="303" count="11" type="stmt"/>
      <line num="304" count="14" type="stmt"/>
      <line num="305" count="14" type="cond" truecount="2" falsecount="0"/>
      <line num="307" count="11" type="stmt"/>
      <line num="308" count="13" type="stmt"/>
      <line num="310" count="11" type="cond" truecount="2" falsecount="0"/>
      <line num="314" count="2" type="stmt"/>
      <line num="316" count="1" type="stmt"/>
      <line num="321" count="11" type="cond" truecount="2" falsecount="0"/>
      <line num="326" count="1" type="cond" truecount="2" falsecount="0"/>
      <line num="328" count="9" type="stmt"/>
      <line num="333" count="11" type="stmt"/>
      <line num="339" count="5" type="cond" truecount="1" falsecount="1"/>
      <line num="340" count="5" type="stmt"/>
      <line num="342" count="5" type="cond" truecount="2" falsecount="0"/>
      <line num="343" count="1" type="stmt"/>
      <line num="346" count="5" type="stmt"/>
      <line num="351" count="5" type="stmt"/>
      <line num="352" count="5" type="stmt"/>
      <line num="353" count="4" type="stmt"/>
      <line num="354" count="4" type="stmt"/>
      <line num="355" count="4" type="stmt"/>
      <line num="356" count="0" type="cond" truecount="0" falsecount="2"/>
      <line num="357" count="0" type="stmt"/>
      <line num="359" count="0" type="stmt"/>
      <line num="361" count="0" type="stmt"/>
      <line num="362" count="0" type="stmt"/>
      <line num="364" count="0" type="stmt"/>
      <line num="366" count="5" type="stmt"/>
      <line num="371" count="5" type="cond" truecount="1" falsecount="0"/>
      <line num="372" count="25" type="cond" truecount="4" falsecount="0"/>
      <line num="375" count="5" type="cond" truecount="2" falsecount="0"/>
      <line num="381" count="5" type="cond" truecount="2" falsecount="0"/>
      <line num="387" count="5" type="cond" truecount="1" falsecount="1"/>
      <line num="393" count="5" type="stmt"/>
      <line num="448" count="0" type="stmt"/>
      <line num="452" count="0" type="stmt"/>
      <line num="456" count="1" type="stmt"/>
      <line num="462" count="1" type="stmt"/>
      <line num="466" count="4" type="stmt"/>
      <line num="490" count="1" type="stmt"/>
    </file>
  </project>
</coverage>
