<?xml version="1.0" encoding="UTF-8"?>
<coverage generated="1752845604823" clover="3.2.0">
  <project timestamp="1752845604824" name="All files">
    <metrics statements="138" coveredstatements="136" conditionals="110" coveredconditionals="104" methods="35" coveredmethods="33" elements="283" coveredelements="273" complexity="0" loc="138" ncloc="138" packages="1" files="1" classes="1"/>
    <file name="checkStructure.js" path="C:\Users\fmerton001\Desktop\pwc-code-refactor-tool\code-refactoring-tool\features\checkStructure.js">
      <metrics statements="138" coveredstatements="136" conditionals="110" coveredconditionals="104" methods="35" coveredmethods="33"/>
      <line num="1" count="1" type="stmt"/>
      <line num="2" count="1" type="stmt"/>
      <line num="3" count="1" type="stmt"/>
      <line num="4" count="1" type="stmt"/>
      <line num="5" count="1" type="stmt"/>
      <line num="6" count="1" type="stmt"/>
      <line num="9" count="5" type="stmt"/>
      <line num="10" count="5" type="cond" truecount="2" falsecount="0"/>
      <line num="12" count="4" type="stmt"/>
      <line num="13" count="4" type="stmt"/>
      <line num="15" count="4" type="cond" truecount="2" falsecount="0"/>
      <line num="16" count="1" type="stmt"/>
      <line num="17" count="3" type="cond" truecount="2" falsecount="0"/>
      <line num="21" count="1" type="stmt"/>
      <line num="23" count="2" type="stmt"/>
      <line num="24" count="2" type="stmt"/>
      <line num="25" count="2" type="stmt"/>
      <line num="28" count="2" type="stmt"/>
      <line num="29" count="2" type="stmt"/>
      <line num="31" count="1" type="stmt"/>
      <line num="36" count="1" type="stmt"/>
      <line num="37" count="1" type="stmt"/>
      <line num="38" count="1" type="stmt"/>
      <line num="39" count="1" type="stmt"/>
      <line num="43" count="2" type="stmt"/>
      <line num="51" count="3" type="stmt"/>
      <line num="63" count="5" type="cond" truecount="1" falsecount="1"/>
      <line num="65" count="5" type="stmt"/>
      <line num="68" count="5" type="cond" truecount="2" falsecount="0"/>
      <line num="69" count="2" type="stmt"/>
      <line num="72" count="5" type="stmt"/>
      <line num="77" count="5" type="stmt"/>
      <line num="78" count="5" type="stmt"/>
      <line num="79" count="4" type="stmt"/>
      <line num="80" count="4" type="stmt"/>
      <line num="81" count="4" type="stmt"/>
      <line num="82" count="4" type="stmt"/>
      <line num="84" count="4" type="stmt"/>
      <line num="86" count="1" type="stmt"/>
      <line num="91" count="15" type="cond" truecount="1" falsecount="1"/>
      <line num="92" count="15" type="stmt"/>
      <line num="93" count="15" type="stmt"/>
      <line num="94" count="15" type="stmt"/>
      <line num="95" count="15" type="cond" truecount="2" falsecount="0"/>
      <line num="96" count="15" type="stmt"/>
      <line num="97" count="15" type="stmt"/>
      <line num="98" count="15" type="stmt"/>
      <line num="100" count="15" type="stmt"/>
      <line num="102" count="425" type="cond" truecount="2" falsecount="0"/>
      <line num="110" count="37" type="stmt"/>
      <line num="111" count="37" type="stmt"/>
      <line num="113" count="37" type="cond" truecount="2" falsecount="0"/>
      <line num="120" count="11" type="stmt"/>
      <line num="123" count="425" type="cond" truecount="2" falsecount="0"/>
      <line num="128" count="4" type="stmt"/>
      <line num="132" count="425" type="cond" truecount="2" falsecount="0"/>
      <line num="140" count="37" type="stmt"/>
      <line num="145" count="15" type="stmt"/>
      <line num="149" count="16" type="stmt"/>
      <line num="150" count="16" type="stmt"/>
      <line num="152" count="16" type="stmt"/>
      <line num="154" count="431" type="cond" truecount="2" falsecount="0"/>
      <line num="160" count="54" type="stmt"/>
      <line num="162" count="431" type="cond" truecount="2" falsecount="0"/>
      <line num="166" count="16" type="cond" truecount="2" falsecount="0"/>
      <line num="170" count="11" type="stmt"/>
      <line num="171" count="11" type="stmt"/>
      <line num="173" count="11" type="stmt"/>
      <line num="175" count="14" type="stmt"/>
      <line num="176" count="14" type="stmt"/>
      <line num="177" count="14" type="cond" truecount="2" falsecount="0"/>
      <line num="178" count="14" type="stmt"/>
      <line num="180" count="14" type="stmt"/>
      <line num="181" count="14" type="cond" truecount="2" falsecount="0"/>
      <line num="182" count="13" type="stmt"/>
      <line num="186" count="11" type="cond" truecount="2" falsecount="0"/>
      <line num="188" count="14" type="stmt"/>
      <line num="191" count="11" type="cond" truecount="1" falsecount="1"/>
      <line num="195" count="100" type="cond" truecount="2" falsecount="0"/>
      <line num="202" count="14" type="stmt"/>
      <line num="203" count="14" type="stmt"/>
      <line num="204" count="11" type="stmt"/>
      <line num="205" count="14" type="cond" truecount="2" falsecount="0"/>
      <line num="208" count="11" type="stmt"/>
      <line num="219" count="11" type="stmt"/>
      <line num="221" count="11" type="stmt"/>
      <line num="224" count="11" type="cond" truecount="2" falsecount="0"/>
      <line num="225" count="8" type="stmt"/>
      <line num="226" count="8" type="stmt"/>
      <line num="232" count="11" type="cond" truecount="2" falsecount="0"/>
      <line num="233" count="1" type="stmt"/>
      <line num="234" count="1" type="stmt"/>
      <line num="236" count="1" type="stmt"/>
      <line num="244" count="11" type="cond" truecount="2" falsecount="0"/>
      <line num="245" count="1" type="stmt"/>
      <line num="248" count="1" type="stmt"/>
      <line num="251" count="1" type="stmt"/>
      <line num="257" count="11" type="cond" truecount="2" falsecount="0"/>
      <line num="258" count="6" type="stmt"/>
      <line num="259" count="5" type="stmt"/>
      <line num="265" count="11" type="stmt"/>
      <line num="266" count="11" type="stmt"/>
      <line num="267" count="14" type="stmt"/>
      <line num="268" count="14" type="cond" truecount="2" falsecount="0"/>
      <line num="270" count="11" type="stmt"/>
      <line num="271" count="13" type="stmt"/>
      <line num="273" count="11" type="cond" truecount="2" falsecount="0"/>
      <line num="277" count="2" type="stmt"/>
      <line num="279" count="1" type="stmt"/>
      <line num="288" count="11" type="cond" truecount="2" falsecount="0"/>
      <line num="293" count="1" type="cond" truecount="2" falsecount="0"/>
      <line num="295" count="9" type="stmt"/>
      <line num="300" count="11" type="stmt"/>
      <line num="316" count="2" type="stmt"/>
      <line num="322" count="2" type="stmt"/>
      <line num="323" count="2" type="stmt"/>
      <line num="327" count="2" type="stmt"/>
      <line num="329" count="2" type="cond" truecount="2" falsecount="0"/>
      <line num="330" count="1" type="stmt"/>
      <line num="331" count="1" type="stmt"/>
      <line num="334" count="2" type="cond" truecount="2" falsecount="0"/>
      <line num="335" count="1" type="stmt"/>
      <line num="336" count="1" type="stmt"/>
      <line num="340" count="1" type="stmt"/>
      <line num="341" count="1" type="stmt"/>
      <line num="342" count="1" type="stmt"/>
      <line num="354" count="5" type="cond" truecount="1" falsecount="0"/>
      <line num="355" count="25" type="cond" truecount="4" falsecount="0"/>
      <line num="358" count="5" type="cond" truecount="2" falsecount="0"/>
      <line num="364" count="5" type="cond" truecount="2" falsecount="0"/>
      <line num="370" count="5" type="cond" truecount="1" falsecount="1"/>
      <line num="376" count="5" type="stmt"/>
      <line num="431" count="0" type="stmt"/>
      <line num="435" count="0" type="stmt"/>
      <line num="439" count="1" type="stmt"/>
      <line num="445" count="1" type="stmt"/>
      <line num="449" count="4" type="stmt"/>
      <line num="473" count="1" type="stmt"/>
    </file>
  </project>
</coverage>
