{"C:\\Users\\fmerton001\\Desktop\\pwc-code-refactor-tool\\code-refactoring-tool\\features\\fixNaming.js": {"path":"C:\\Users\\fmerton001\\Desktop\\pwc-code-refactor-tool\\code-refactoring-tool\\features\\fixNaming.js","statementMap":{"0":{"start":{"line":1,"column":15},"end":{"line":1,"column":32}},"1":{"start":{"line":2,"column":15},"end":{"line":2,"column":39}},"2":{"start":{"line":3,"column":17},"end":{"line":3,"column":51}},"3":{"start":{"line":4,"column":22},"end":{"line":4,"column":46}},"4":{"start":{"line":5,"column":13},"end":{"line":5,"column":28}},"5":{"start":{"line":14,"column":4},"end":{"line":14,"column":38}},"6":{"start":{"line":18,"column":14},"end":{"line":18,"column":53}},"7":{"start":{"line":19,"column":2},"end":{"line":19,"column":70}},"8":{"start":{"line":19,"column":47},"end":{"line":19,"column":70}},"9":{"start":{"line":20,"column":2},"end":{"line":21,"column":27}},"10":{"start":{"line":21,"column":4},"end":{"line":21,"column":27}},"11":{"start":{"line":22,"column":2},"end":{"line":22,"column":24}},"12":{"start":{"line":27,"column":21},"end":{"line":27,"column":69}},"13":{"start":{"line":28,"column":2},"end":{"line":39,"column":3}},"14":{"start":{"line":29,"column":19},"end":{"line":31,"column":6}},"15":{"start":{"line":32,"column":4},"end":{"line":32,"column":60}},"16":{"start":{"line":32,"column":29},"end":{"line":32,"column":60}},"17":{"start":{"line":33,"column":4},"end":{"line":33,"column":37}},"18":{"start":{"line":35,"column":4},"end":{"line":37,"column":6}},"19":{"start":{"line":38,"column":4},"end":{"line":38,"column":14}},"20":{"start":{"line":43,"column":18},"end":{"line":43,"column":70}},"21":{"start":{"line":44,"column":2},"end":{"line":62,"column":3}},"22":{"start":{"line":45,"column":19},"end":{"line":47,"column":6}},"23":{"start":{"line":49,"column":4},"end":{"line":49,"column":42}},"24":{"start":{"line":50,"column":4},"end":{"line":50,"column":42}},"25":{"start":{"line":51,"column":4},"end":{"line":51,"column":45}},"26":{"start":{"line":53,"column":4},"end":{"line":54,"column":61}},"27":{"start":{"line":54,"column":6},"end":{"line":54,"column":61}},"28":{"start":{"line":56,"column":4},"end":{"line":56,"column":37}},"29":{"start":{"line":58,"column":4},"end":{"line":60,"column":6}},"30":{"start":{"line":61,"column":4},"end":{"line":61,"column":14}},"31":{"start":{"line":67,"column":17},"end":{"line":67,"column":38}},"32":{"start":{"line":68,"column":25},"end":{"line":68,"column":34}},"33":{"start":{"line":70,"column":2},"end":{"line":76,"column":4}},"34":{"start":{"line":73,"column":8},"end":{"line":73,"column":56}},"35":{"start":{"line":78,"column":17},"end":{"line":78,"column":47}},"36":{"start":{"line":79,"column":2},"end":{"line":79,"column":73}},"37":{"start":{"line":79,"column":15},"end":{"line":79,"column":73}},"38":{"start":{"line":81,"column":19},"end":{"line":81,"column":34}},"39":{"start":{"line":82,"column":18},"end":{"line":82,"column":30}},"40":{"start":{"line":83,"column":21},"end":{"line":83,"column":40}},"41":{"start":{"line":84,"column":19},"end":{"line":84,"column":36}},"42":{"start":{"line":85,"column":15},"end":{"line":85,"column":33}},"43":{"start":{"line":87,"column":2},"end":{"line":88,"column":75}},"44":{"start":{"line":88,"column":4},"end":{"line":88,"column":75}},"45":{"start":{"line":89,"column":2},"end":{"line":97,"column":3}},"46":{"start":{"line":90,"column":17},"end":{"line":94,"column":5}},"47":{"start":{"line":95,"column":4},"end":{"line":95,"column":45}},"48":{"start":{"line":95,"column":38},"end":{"line":95,"column":45}},"49":{"start":{"line":96,"column":4},"end":{"line":96,"column":26}},"50":{"start":{"line":99,"column":22},"end":{"line":99,"column":70}},"51":{"start":{"line":100,"column":2},"end":{"line":100,"column":27}},"52":{"start":{"line":100,"column":20},"end":{"line":100,"column":27}},"53":{"start":{"line":102,"column":31},"end":{"line":102,"column":61}},"54":{"start":{"line":103,"column":16},"end":{"line":110,"column":3}},"55":{"start":{"line":112,"column":2},"end":{"line":119,"column":3}},"56":{"start":{"line":113,"column":4},"end":{"line":115,"column":5}},"57":{"start":{"line":114,"column":6},"end":{"line":114,"column":13}},"58":{"start":{"line":116,"column":4},"end":{"line":118,"column":6}},"59":{"start":{"line":121,"column":2},"end":{"line":128,"column":5}},"60":{"start":{"line":133,"column":20},"end":{"line":133,"column":74}},"61":{"start":{"line":134,"column":2},"end":{"line":140,"column":4}},"62":{"start":{"line":144,"column":2},"end":{"line":150,"column":3}},"63":{"start":{"line":145,"column":4},"end":{"line":145,"column":58}},"64":{"start":{"line":146,"column":9},"end":{"line":150,"column":3}},"65":{"start":{"line":147,"column":4},"end":{"line":147,"column":60}},"66":{"start":{"line":149,"column":4},"end":{"line":149,"column":58}},"67":{"start":{"line":154,"column":27},"end":{"line":168,"column":4}},"68":{"start":{"line":170,"column":23},"end":{"line":170,"column":44}},"69":{"start":{"line":171,"column":18},"end":{"line":171,"column":34}},"70":{"start":{"line":172,"column":19},"end":{"line":172,"column":59}},"71":{"start":{"line":174,"column":2},"end":{"line":174,"column":45}},"72":{"start":{"line":185,"column":16},"end":{"line":185,"column":18}},"73":{"start":{"line":187,"column":2},"end":{"line":260,"column":3}},"74":{"start":{"line":188,"column":18},"end":{"line":188,"column":46}},"75":{"start":{"line":189,"column":4},"end":{"line":198,"column":5}},"76":{"start":{"line":190,"column":25},"end":{"line":190,"column":38}},"77":{"start":{"line":191,"column":6},"end":{"line":197,"column":7}},"78":{"start":{"line":196,"column":8},"end":{"line":196,"column":51}},"79":{"start":{"line":199,"column":9},"end":{"line":260,"column":3}},"80":{"start":{"line":200,"column":18},"end":{"line":200,"column":46}},"81":{"start":{"line":201,"column":4},"end":{"line":210,"column":5}},"82":{"start":{"line":202,"column":25},"end":{"line":202,"column":38}},"83":{"start":{"line":203,"column":6},"end":{"line":209,"column":7}},"84":{"start":{"line":208,"column":8},"end":{"line":208,"column":51}},"85":{"start":{"line":213,"column":4},"end":{"line":223,"column":5}},"86":{"start":{"line":214,"column":6},"end":{"line":217,"column":9}},"87":{"start":{"line":219,"column":6},"end":{"line":221,"column":8}},"88":{"start":{"line":222,"column":6},"end":{"line":222,"column":16}},"89":{"start":{"line":225,"column":23},"end":{"line":225,"column":25}},"90":{"start":{"line":226,"column":4},"end":{"line":259,"column":7}},"91":{"start":{"line":228,"column":8},"end":{"line":230,"column":9}},"92":{"start":{"line":229,"column":10},"end":{"line":229,"column":69}},"93":{"start":{"line":233,"column":8},"end":{"line":235,"column":9}},"94":{"start":{"line":234,"column":10},"end":{"line":234,"column":27}},"95":{"start":{"line":238,"column":8},"end":{"line":245,"column":10}},"96":{"start":{"line":248,"column":8},"end":{"line":257,"column":9}},"97":{"start":{"line":249,"column":10},"end":{"line":256,"column":12}},"98":{"start":{"line":262,"column":2},"end":{"line":262,"column":15}},"99":{"start":{"line":266,"column":21},"end":{"line":266,"column":34}},"100":{"start":{"line":267,"column":2},"end":{"line":276,"column":3}},"101":{"start":{"line":272,"column":24},"end":{"line":272,"column":55}},"102":{"start":{"line":273,"column":4},"end":{"line":275,"column":5}},"103":{"start":{"line":274,"column":6},"end":{"line":274,"column":49}},"104":{"start":{"line":281,"column":4},"end":{"line":281,"column":11}},"105":{"start":{"line":283,"column":22},"end":{"line":286,"column":3}},"106":{"start":{"line":287,"column":2},"end":{"line":287,"column":61}},"107":{"start":{"line":287,"column":54},"end":{"line":287,"column":61}},"108":{"start":{"line":289,"column":20},"end":{"line":289,"column":24}},"109":{"start":{"line":290,"column":21},"end":{"line":290,"column":22}},"110":{"start":{"line":292,"column":2},"end":{"line":373,"column":3}},"111":{"start":{"line":293,"column":24},"end":{"line":293,"column":59}},"112":{"start":{"line":295,"column":23},"end":{"line":297,"column":5}},"113":{"start":{"line":298,"column":4},"end":{"line":298,"column":59}},"114":{"start":{"line":300,"column":4},"end":{"line":305,"column":6}},"115":{"start":{"line":307,"column":20},"end":{"line":311,"column":5}},"116":{"start":{"line":312,"column":4},"end":{"line":317,"column":5}},"117":{"start":{"line":313,"column":6},"end":{"line":315,"column":8}},"118":{"start":{"line":316,"column":6},"end":{"line":316,"column":13}},"119":{"start":{"line":319,"column":20},"end":{"line":324,"column":5}},"120":{"start":{"line":325,"column":4},"end":{"line":325,"column":45}},"121":{"start":{"line":325,"column":17},"end":{"line":325,"column":45}},"122":{"start":{"line":326,"column":4},"end":{"line":326,"column":79}},"123":{"start":{"line":328,"column":4},"end":{"line":371,"column":5}},"124":{"start":{"line":329,"column":26},"end":{"line":333,"column":7}},"125":{"start":{"line":335,"column":25},"end":{"line":337,"column":7}},"126":{"start":{"line":338,"column":6},"end":{"line":338,"column":61}},"127":{"start":{"line":340,"column":6},"end":{"line":345,"column":8}},"128":{"start":{"line":347,"column":25},"end":{"line":351,"column":8}},"129":{"start":{"line":353,"column":6},"end":{"line":353,"column":69}},"130":{"start":{"line":353,"column":60},"end":{"line":353,"column":69}},"131":{"start":{"line":355,"column":28},"end":{"line":359,"column":7}},"132":{"start":{"line":361,"column":22},"end":{"line":366,"column":7}},"133":{"start":{"line":367,"column":6},"end":{"line":370,"column":7}},"134":{"start":{"line":368,"column":8},"end":{"line":368,"column":36}},"135":{"start":{"line":369,"column":8},"end":{"line":369,"column":23}},"136":{"start":{"line":372,"column":4},"end":{"line":372,"column":79}},"137":{"start":{"line":375,"column":23},"end":{"line":375,"column":50}},"138":{"start":{"line":376,"column":2},"end":{"line":383,"column":3}},"139":{"start":{"line":377,"column":4},"end":{"line":382,"column":6}},"140":{"start":{"line":385,"column":2},"end":{"line":390,"column":12}},"141":{"start":{"line":386,"column":4},"end":{"line":389,"column":7}},"142":{"start":{"line":394,"column":20},"end":{"line":394,"column":24}},"143":{"start":{"line":395,"column":2},"end":{"line":400,"column":3}},"144":{"start":{"line":396,"column":4},"end":{"line":399,"column":6}},"145":{"start":{"line":401,"column":2},"end":{"line":401,"column":21}},"146":{"start":{"line":405,"column":2},"end":{"line":405,"column":72}},"147":{"start":{"line":409,"column":2},"end":{"line":422,"column":3}},"148":{"start":{"line":410,"column":17},"end":{"line":410,"column":43}},"149":{"start":{"line":411,"column":22},"end":{"line":414,"column":5}},"150":{"start":{"line":415,"column":4},"end":{"line":415,"column":46}},"151":{"start":{"line":416,"column":4},"end":{"line":416,"column":43}},"152":{"start":{"line":417,"column":4},"end":{"line":417,"column":26}},"153":{"start":{"line":418,"column":4},"end":{"line":418,"column":16}},"154":{"start":{"line":420,"column":4},"end":{"line":420,"column":65}},"155":{"start":{"line":421,"column":4},"end":{"line":421,"column":17}},"156":{"start":{"line":425,"column":0},"end":{"line":425,"column":39}}},"fnMap":{"0":{"name":"detectPreferredStyleFromLanguage","decl":{"start":{"line":17,"column":9},"end":{"line":17,"column":41}},"loc":{"start":{"line":17,"column":69},"end":{"line":23,"column":1}},"line":17},"1":{"name":"extractPythonNames","decl":{"start":{"line":26,"column":9},"end":{"line":26,"column":27}},"loc":{"start":{"line":26,"column":38},"end":{"line":40,"column":1}},"line":26},"2":{"name":"extractCSharpNames","decl":{"start":{"line":42,"column":9},"end":{"line":42,"column":27}},"loc":{"start":{"line":42,"column":38},"end":{"line":63,"column":1}},"line":42},"3":{"name":"runFixNaming","decl":{"start":{"line":66,"column":15},"end":{"line":66,"column":27}},"loc":{"start":{"line":66,"column":37},"end":{"line":129,"column":1}},"line":66},"4":{"name":"(anonymous_4)","decl":{"start":{"line":72,"column":6},"end":{"line":72,"column":7}},"loc":{"start":{"line":72,"column":38},"end":{"line":74,"column":7}},"line":72},"5":{"name":"promptForNamingStyle","decl":{"start":{"line":132,"column":15},"end":{"line":132,"column":35}},"loc":{"start":{"line":132,"column":58},"end":{"line":141,"column":1}},"line":132},"6":{"name":"getStyleFunctions","decl":{"start":{"line":143,"column":9},"end":{"line":143,"column":26}},"loc":{"start":{"line":143,"column":40},"end":{"line":151,"column":1}},"line":143},"7":{"name":"shouldSkipRename","decl":{"start":{"line":153,"column":9},"end":{"line":153,"column":25}},"loc":{"start":{"line":153,"column":39},"end":{"line":175,"column":1}},"line":153},"8":{"name":"findNamingMismatches","decl":{"start":{"line":177,"column":15},"end":{"line":177,"column":35}},"loc":{"start":{"line":184,"column":2},"end":{"line":263,"column":1}},"line":184},"9":{"name":"(anonymous_9)","decl":{"start":{"line":227,"column":6},"end":{"line":227,"column":7}},"loc":{"start":{"line":227,"column":18},"end":{"line":231,"column":7}},"line":227},"10":{"name":"(anonymous_10)","decl":{"start":{"line":232,"column":6},"end":{"line":232,"column":7}},"loc":{"start":{"line":232,"column":17},"end":{"line":236,"column":7}},"line":232},"11":{"name":"(anonymous_11)","decl":{"start":{"line":237,"column":6},"end":{"line":237,"column":7}},"loc":{"start":{"line":237,"column":31},"end":{"line":246,"column":7}},"line":237},"12":{"name":"(anonymous_12)","decl":{"start":{"line":247,"column":6},"end":{"line":247,"column":7}},"loc":{"start":{"line":247,"column":32},"end":{"line":258,"column":7}},"line":247},"13":{"name":"handleBinding","decl":{"start":{"line":265,"column":9},"end":{"line":265,"column":22}},"loc":{"start":{"line":265,"column":79},"end":{"line":277,"column":1}},"line":265},"14":{"name":"proceedWithRenaming","decl":{"start":{"line":279,"column":15},"end":{"line":279,"column":34}},"loc":{"start":{"line":279,"column":51},"end":{"line":391,"column":1}},"line":279},"15":{"name":"applyAllChanges","decl":{"start":{"line":393,"column":9},"end":{"line":393,"column":24}},"loc":{"start":{"line":393,"column":38},"end":{"line":402,"column":1}},"line":393},"16":{"name":"applyChange","decl":{"start":{"line":404,"column":9},"end":{"line":404,"column":20}},"loc":{"start":{"line":404,"column":49},"end":{"line":406,"column":1}},"line":404},"17":{"name":"applyWorkspaceEdit","decl":{"start":{"line":408,"column":15},"end":{"line":408,"column":33}},"loc":{"start":{"line":408,"column":71},"end":{"line":423,"column":1}},"line":408}},"branchMap":{"0":{"loc":{"start":{"line":17,"column":54},"end":{"line":17,"column":67}},"type":"default-arg","locations":[{"start":{"line":17,"column":65},"end":{"line":17,"column":67}}],"line":17},"1":{"loc":{"start":{"line":19,"column":2},"end":{"line":19,"column":70}},"type":"if","locations":[{"start":{"line":19,"column":2},"end":{"line":19,"column":70}},{"start":{},"end":{}}],"line":19},"2":{"loc":{"start":{"line":19,"column":6},"end":{"line":19,"column":45}},"type":"binary-expr","locations":[{"start":{"line":19,"column":6},"end":{"line":19,"column":29}},{"start":{"line":19,"column":33},"end":{"line":19,"column":45}}],"line":19},"3":{"loc":{"start":{"line":20,"column":2},"end":{"line":21,"column":27}},"type":"if","locations":[{"start":{"line":20,"column":2},"end":{"line":21,"column":27}},{"start":{},"end":{}}],"line":20},"4":{"loc":{"start":{"line":32,"column":4},"end":{"line":32,"column":60}},"type":"if","locations":[{"start":{"line":32,"column":4},"end":{"line":32,"column":60}},{"start":{},"end":{}}],"line":32},"5":{"loc":{"start":{"line":53,"column":4},"end":{"line":54,"column":61}},"type":"if","locations":[{"start":{"line":53,"column":4},"end":{"line":54,"column":61}},{"start":{},"end":{}}],"line":53},"6":{"loc":{"start":{"line":54,"column":22},"end":{"line":54,"column":59}},"type":"binary-expr","locations":[{"start":{"line":54,"column":22},"end":{"line":54,"column":35}},{"start":{"line":54,"column":39},"end":{"line":54,"column":59}}],"line":54},"7":{"loc":{"start":{"line":59,"column":36},"end":{"line":59,"column":66}},"type":"binary-expr","locations":[{"start":{"line":59,"column":36},"end":{"line":59,"column":47}},{"start":{"line":59,"column":51},"end":{"line":59,"column":66}}],"line":59},"8":{"loc":{"start":{"line":73,"column":15},"end":{"line":73,"column":55}},"type":"binary-expr","locations":[{"start":{"line":73,"column":15},"end":{"line":73,"column":49}},{"start":{"line":73,"column":53},"end":{"line":73,"column":55}}],"line":73},"9":{"loc":{"start":{"line":79,"column":2},"end":{"line":79,"column":73}},"type":"if","locations":[{"start":{"line":79,"column":2},"end":{"line":79,"column":73}},{"start":{},"end":{}}],"line":79},"10":{"loc":{"start":{"line":87,"column":2},"end":{"line":88,"column":75}},"type":"if","locations":[{"start":{"line":87,"column":2},"end":{"line":88,"column":75}},{"start":{},"end":{}}],"line":87},"11":{"loc":{"start":{"line":89,"column":2},"end":{"line":97,"column":3}},"type":"if","locations":[{"start":{"line":89,"column":2},"end":{"line":97,"column":3}},{"start":{},"end":{}}],"line":89},"12":{"loc":{"start":{"line":95,"column":4},"end":{"line":95,"column":45}},"type":"if","locations":[{"start":{"line":95,"column":4},"end":{"line":95,"column":45}},{"start":{},"end":{}}],"line":95},"13":{"loc":{"start":{"line":100,"column":2},"end":{"line":100,"column":27}},"type":"if","locations":[{"start":{"line":100,"column":2},"end":{"line":100,"column":27}},{"start":{},"end":{}}],"line":100},"14":{"loc":{"start":{"line":112,"column":2},"end":{"line":119,"column":3}},"type":"if","locations":[{"start":{"line":112,"column":2},"end":{"line":119,"column":3}},{"start":{},"end":{}}],"line":112},"15":{"loc":{"start":{"line":113,"column":4},"end":{"line":115,"column":5}},"type":"if","locations":[{"start":{"line":113,"column":4},"end":{"line":115,"column":5}},{"start":{},"end":{}}],"line":113},"16":{"loc":{"start":{"line":113,"column":8},"end":{"line":113,"column":77}},"type":"binary-expr","locations":[{"start":{"line":113,"column":8},"end":{"line":113,"column":49}},{"start":{"line":113,"column":53},"end":{"line":113,"column":77}}],"line":113},"17":{"loc":{"start":{"line":144,"column":2},"end":{"line":150,"column":3}},"type":"if","locations":[{"start":{"line":144,"column":2},"end":{"line":150,"column":3}},{"start":{"line":146,"column":9},"end":{"line":150,"column":3}}],"line":144},"18":{"loc":{"start":{"line":146,"column":9},"end":{"line":150,"column":3}},"type":"if","locations":[{"start":{"line":146,"column":9},"end":{"line":150,"column":3}},{"start":{"line":148,"column":9},"end":{"line":150,"column":3}}],"line":146},"19":{"loc":{"start":{"line":174,"column":9},"end":{"line":174,"column":44}},"type":"binary-expr","locations":[{"start":{"line":174,"column":9},"end":{"line":174,"column":21}},{"start":{"line":174,"column":25},"end":{"line":174,"column":32}},{"start":{"line":174,"column":36},"end":{"line":174,"column":44}}],"line":174},"20":{"loc":{"start":{"line":187,"column":2},"end":{"line":260,"column":3}},"type":"if","locations":[{"start":{"line":187,"column":2},"end":{"line":260,"column":3}},{"start":{"line":199,"column":9},"end":{"line":260,"column":3}}],"line":187},"21":{"loc":{"start":{"line":191,"column":6},"end":{"line":197,"column":7}},"type":"if","locations":[{"start":{"line":191,"column":6},"end":{"line":197,"column":7}},{"start":{},"end":{}}],"line":191},"22":{"loc":{"start":{"line":192,"column":8},"end":{"line":194,"column":44}},"type":"binary-expr","locations":[{"start":{"line":192,"column":8},"end":{"line":192,"column":22}},{"start":{"line":193,"column":8},"end":{"line":193,"column":27}},{"start":{"line":194,"column":8},"end":{"line":194,"column":44}}],"line":192},"23":{"loc":{"start":{"line":199,"column":9},"end":{"line":260,"column":3}},"type":"if","locations":[{"start":{"line":199,"column":9},"end":{"line":260,"column":3}},{"start":{"line":211,"column":9},"end":{"line":260,"column":3}}],"line":199},"24":{"loc":{"start":{"line":199,"column":13},"end":{"line":199,"column":64}},"type":"binary-expr","locations":[{"start":{"line":199,"column":13},"end":{"line":199,"column":36}},{"start":{"line":199,"column":40},"end":{"line":199,"column":64}}],"line":199},"25":{"loc":{"start":{"line":203,"column":6},"end":{"line":209,"column":7}},"type":"if","locations":[{"start":{"line":203,"column":6},"end":{"line":209,"column":7}},{"start":{},"end":{}}],"line":203},"26":{"loc":{"start":{"line":204,"column":8},"end":{"line":206,"column":44}},"type":"binary-expr","locations":[{"start":{"line":204,"column":8},"end":{"line":204,"column":22}},{"start":{"line":205,"column":8},"end":{"line":205,"column":27}},{"start":{"line":206,"column":8},"end":{"line":206,"column":44}}],"line":204},"27":{"loc":{"start":{"line":228,"column":8},"end":{"line":230,"column":9}},"type":"if","locations":[{"start":{"line":228,"column":8},"end":{"line":230,"column":9}},{"start":{},"end":{}}],"line":228},"28":{"loc":{"start":{"line":233,"column":8},"end":{"line":235,"column":9}},"type":"if","locations":[{"start":{"line":233,"column":8},"end":{"line":235,"column":9}},{"start":{},"end":{}}],"line":233},"29":{"loc":{"start":{"line":248,"column":8},"end":{"line":257,"column":9}},"type":"if","locations":[{"start":{"line":248,"column":8},"end":{"line":257,"column":9}},{"start":{},"end":{}}],"line":248},"30":{"loc":{"start":{"line":267,"column":2},"end":{"line":276,"column":3}},"type":"if","locations":[{"start":{"line":267,"column":2},"end":{"line":276,"column":3}},{"start":{},"end":{}}],"line":267},"31":{"loc":{"start":{"line":268,"column":4},"end":{"line":270,"column":40}},"type":"binary-expr","locations":[{"start":{"line":268,"column":4},"end":{"line":268,"column":18}},{"start":{"line":269,"column":4},"end":{"line":269,"column":23}},{"start":{"line":270,"column":4},"end":{"line":270,"column":40}}],"line":268},"32":{"loc":{"start":{"line":273,"column":4},"end":{"line":275,"column":5}},"type":"if","locations":[{"start":{"line":273,"column":4},"end":{"line":275,"column":5}},{"start":{},"end":{}}],"line":273},"33":{"loc":{"start":{"line":287,"column":2},"end":{"line":287,"column":61}},"type":"if","locations":[{"start":{"line":287,"column":2},"end":{"line":287,"column":61}},{"start":{},"end":{}}],"line":287},"34":{"loc":{"start":{"line":287,"column":6},"end":{"line":287,"column":52}},"type":"binary-expr","locations":[{"start":{"line":287,"column":6},"end":{"line":287,"column":18}},{"start":{"line":287,"column":22},"end":{"line":287,"column":52}}],"line":287},"35":{"loc":{"start":{"line":292,"column":2},"end":{"line":373,"column":3}},"type":"if","locations":[{"start":{"line":292,"column":2},"end":{"line":373,"column":3}},{"start":{"line":327,"column":9},"end":{"line":373,"column":3}}],"line":292},"36":{"loc":{"start":{"line":312,"column":4},"end":{"line":317,"column":5}},"type":"if","locations":[{"start":{"line":312,"column":4},"end":{"line":317,"column":5}},{"start":{},"end":{}}],"line":312},"37":{"loc":{"start":{"line":325,"column":4},"end":{"line":325,"column":45}},"type":"if","locations":[{"start":{"line":325,"column":4},"end":{"line":325,"column":45}},{"start":{},"end":{}}],"line":325},"38":{"loc":{"start":{"line":353,"column":6},"end":{"line":353,"column":69}},"type":"if","locations":[{"start":{"line":353,"column":6},"end":{"line":353,"column":69}},{"start":{},"end":{}}],"line":353},"39":{"loc":{"start":{"line":353,"column":10},"end":{"line":353,"column":58}},"type":"binary-expr","locations":[{"start":{"line":353,"column":10},"end":{"line":353,"column":21}},{"start":{"line":353,"column":25},"end":{"line":353,"column":58}}],"line":353},"40":{"loc":{"start":{"line":367,"column":6},"end":{"line":370,"column":7}},"type":"if","locations":[{"start":{"line":367,"column":6},"end":{"line":370,"column":7}},{"start":{},"end":{}}],"line":367},"41":{"loc":{"start":{"line":376,"column":2},"end":{"line":383,"column":3}},"type":"if","locations":[{"start":{"line":376,"column":2},"end":{"line":383,"column":3}},{"start":{},"end":{}}],"line":376},"42":{"loc":{"start":{"line":376,"column":6},"end":{"line":376,"column":42}},"type":"binary-expr","locations":[{"start":{"line":376,"column":6},"end":{"line":376,"column":22}},{"start":{"line":376,"column":26},"end":{"line":376,"column":42}}],"line":376},"43":{"loc":{"start":{"line":379,"column":8},"end":{"line":379,"column":37}},"type":"cond-expr","locations":[{"start":{"line":379,"column":29},"end":{"line":379,"column":32}},{"start":{"line":379,"column":35},"end":{"line":379,"column":37}}],"line":379},"44":{"loc":{"start":{"line":381,"column":9},"end":{"line":381,"column":64}},"type":"cond-expr","locations":[{"start":{"line":381,"column":28},"end":{"line":381,"column":59}},{"start":{"line":381,"column":62},"end":{"line":381,"column":64}}],"line":381}},"s":{"0":1,"1":1,"2":1,"3":1,"4":1,"5":1,"6":19,"7":19,"8":3,"9":16,"10":3,"11":13,"12":3,"13":3,"14":3,"15":3,"16":1,"17":2,"18":1,"19":1,"20":3,"21":3,"22":3,"23":3,"24":3,"25":3,"26":3,"27":1,"28":2,"29":1,"30":1,"31":21,"32":21,"33":21,"34":0,"35":21,"36":21,"37":0,"38":21,"39":21,"40":21,"41":21,"42":21,"43":21,"44":2,"45":19,"46":2,"47":2,"48":0,"49":2,"50":19,"51":19,"52":0,"53":19,"54":19,"55":19,"56":9,"57":4,"58":5,"59":10,"60":19,"61":19,"62":19,"63":2,"64":17,"65":2,"66":15,"67":17,"68":17,"69":17,"70":17,"71":17,"72":19,"73":19,"74":3,"75":3,"76":2,"77":2,"78":2,"79":16,"80":3,"81":3,"82":2,"83":2,"84":2,"85":13,"86":13,"87":2,"88":2,"89":11,"90":11,"91":0,"92":0,"93":0,"94":0,"95":8,"96":5,"97":5,"98":17,"99":13,"100":13,"101":12,"102":12,"103":12,"104":10,"105":10,"106":10,"107":0,"108":10,"109":10,"110":10,"111":5,"112":5,"113":5,"114":5,"115":5,"116":5,"117":1,"118":1,"119":4,"120":4,"121":4,"122":4,"123":5,"124":7,"125":7,"126":7,"127":7,"128":7,"129":7,"130":3,"131":4,"132":4,"133":4,"134":3,"135":3,"136":5,"137":9,"138":9,"139":9,"140":9,"141":9,"142":5,"143":5,"144":9,"145":5,"146":11,"147":8,"148":8,"149":8,"150":8,"151":8,"152":7,"153":7,"154":1,"155":1,"156":1},"f":{"0":19,"1":3,"2":3,"3":21,"4":0,"5":19,"6":19,"7":17,"8":19,"9":0,"10":0,"11":8,"12":5,"13":13,"14":10,"15":5,"16":11,"17":8},"b":{"0":[0],"1":[3,16],"2":[19,16],"3":[3,13],"4":[1,2],"5":[1,2],"6":[1,0],"7":[1,0],"8":[0,0],"9":[0,21],"10":[2,19],"11":[2,17],"12":[0,2],"13":[0,19],"14":[9,10],"15":[4,5],"16":[9,5],"17":[2,17],"18":[2,15],"19":[17,1,1],"20":[3,16],"21":[2,0],"22":[2,2,2],"23":[3,13],"24":[16,13],"25":[2,0],"26":[2,2,2],"27":[0,0],"28":[0,0],"29":[5,0],"30":[12,1],"31":[13,13,13],"32":[12,0],"33":[0,10],"34":[10,10],"35":[5,5],"36":[1,4],"37":[4,0],"38":[3,4],"39":[7,4],"40":[3,1],"41":[9,0],"42":[9,3],"43":[8,1],"44":[3,6]},"_coverageSchema":"1a1c01bbd47fc00a2c39e90264f33305004495a9","hash":"0167f10ead02b57a9458bc1296f5fddc11348f40"}
,"C:\\Users\\fmerton001\\Desktop\\pwc-code-refactor-tool\\code-refactoring-tool\\utils\\namingUtils.js": {"path":"C:\\Users\\fmerton001\\Desktop\\pwc-code-refactor-tool\\code-refactoring-tool\\utils\\namingUtils.js","statementMap":{"0":{"start":{"line":3,"column":2},"end":{"line":6,"column":4}},"1":{"start":{"line":10,"column":2},"end":{"line":13,"column":4}},"2":{"start":{"line":17,"column":2},"end":{"line":17,"column":46}},"3":{"start":{"line":22,"column":2},"end":{"line":25,"column":47}},"4":{"start":{"line":24,"column":38},"end":{"line":24,"column":62}},"5":{"start":{"line":25,"column":30},"end":{"line":25,"column":45}},"6":{"start":{"line":29,"column":2},"end":{"line":34,"column":14}},"7":{"start":{"line":33,"column":19},"end":{"line":33,"column":77}},"8":{"start":{"line":38,"column":2},"end":{"line":42,"column":19}},"9":{"start":{"line":46,"column":0},"end":{"line":53,"column":2}}},"fnMap":{"0":{"name":"isCamelCase","decl":{"start":{"line":2,"column":9},"end":{"line":2,"column":20}},"loc":{"start":{"line":2,"column":27},"end":{"line":7,"column":1}},"line":2},"1":{"name":"isPascalCase","decl":{"start":{"line":9,"column":9},"end":{"line":9,"column":21}},"loc":{"start":{"line":9,"column":28},"end":{"line":14,"column":1}},"line":9},"2":{"name":"isSnakeCase","decl":{"start":{"line":16,"column":9},"end":{"line":16,"column":20}},"loc":{"start":{"line":16,"column":27},"end":{"line":18,"column":1}},"line":16},"3":{"name":"toCamelCase","decl":{"start":{"line":21,"column":9},"end":{"line":21,"column":20}},"loc":{"start":{"line":21,"column":27},"end":{"line":26,"column":1}},"line":21},"4":{"name":"(anonymous_4)","decl":{"start":{"line":24,"column":27},"end":{"line":24,"column":28}},"loc":{"start":{"line":24,"column":38},"end":{"line":24,"column":62}},"line":24},"5":{"name":"(anonymous_5)","decl":{"start":{"line":25,"column":23},"end":{"line":25,"column":24}},"loc":{"start":{"line":25,"column":30},"end":{"line":25,"column":45}},"line":25},"6":{"name":"toPascalCase","decl":{"start":{"line":28,"column":9},"end":{"line":28,"column":21}},"loc":{"start":{"line":28,"column":28},"end":{"line":35,"column":1}},"line":28},"7":{"name":"(anonymous_7)","decl":{"start":{"line":33,"column":9},"end":{"line":33,"column":10}},"loc":{"start":{"line":33,"column":19},"end":{"line":33,"column":77}},"line":33},"8":{"name":"toSnakeCase","decl":{"start":{"line":37,"column":9},"end":{"line":37,"column":20}},"loc":{"start":{"line":37,"column":27},"end":{"line":43,"column":1}},"line":37}},"branchMap":{"0":{"loc":{"start":{"line":4,"column":4},"end":{"line":5,"column":31}},"type":"binary-expr","locations":[{"start":{"line":4,"column":4},"end":{"line":4,"column":36}},{"start":{"line":5,"column":4},"end":{"line":5,"column":31}}],"line":4},"1":{"loc":{"start":{"line":11,"column":4},"end":{"line":12,"column":22}},"type":"binary-expr","locations":[{"start":{"line":11,"column":4},"end":{"line":11,"column":36}},{"start":{"line":12,"column":4},"end":{"line":12,"column":22}}],"line":11},"2":{"loc":{"start":{"line":24,"column":38},"end":{"line":24,"column":62}},"type":"cond-expr","locations":[{"start":{"line":24,"column":42},"end":{"line":24,"column":57}},{"start":{"line":24,"column":60},"end":{"line":24,"column":62}}],"line":24}},"s":{"0":13,"1":1,"2":3,"3":13,"4":13,"5":0,"6":1,"7":1,"8":3,"9":1},"f":{"0":13,"1":1,"2":3,"3":13,"4":13,"5":0,"6":1,"7":1,"8":3},"b":{"0":[13,0],"1":[1,0],"2":[13,0]},"_coverageSchema":"1a1c01bbd47fc00a2c39e90264f33305004495a9","hash":"51e05881005b672d9b7126fff31a6edb5c2bf880"}
}
