{"C:\\Users\\fmerton001\\Desktop\\pwc-code-refactor-tool\\code-refactoring-tool\\features\\checkStructure.js": {"path":"C:\\Users\\fmerton001\\Desktop\\pwc-code-refactor-tool\\code-refactoring-tool\\features\\checkStructure.js","statementMap":{"0":{"start":{"line":1,"column":15},"end":{"line":1,"column":32}},"1":{"start":{"line":2,"column":15},"end":{"line":2,"column":39}},"2":{"start":{"line":3,"column":17},"end":{"line":3,"column":51}},"3":{"start":{"line":4,"column":11},"end":{"line":4,"column":24}},"4":{"start":{"line":5,"column":13},"end":{"line":5,"column":28}},"5":{"start":{"line":6,"column":18},"end":{"line":6,"column":38}},"6":{"start":{"line":9,"column":23},"end":{"line":16,"column":1}},"7":{"start":{"line":18,"column":26},"end":{"line":18,"column":75}},"8":{"start":{"line":22,"column":17},"end":{"line":22,"column":47}},"9":{"start":{"line":23,"column":2},"end":{"line":23,"column":75}},"10":{"start":{"line":23,"column":15},"end":{"line":23,"column":75}},"11":{"start":{"line":25,"column":19},"end":{"line":25,"column":34}},"12":{"start":{"line":26,"column":18},"end":{"line":26,"column":30}},"13":{"start":{"line":28,"column":2},"end":{"line":29,"column":75}},"14":{"start":{"line":29,"column":4},"end":{"line":29,"column":75}},"15":{"start":{"line":31,"column":2},"end":{"line":35,"column":3}},"16":{"start":{"line":32,"column":23},"end":{"line":32,"column":56}},"17":{"start":{"line":33,"column":4},"end":{"line":33,"column":51}},"18":{"start":{"line":33,"column":44},"end":{"line":33,"column":51}},"19":{"start":{"line":34,"column":4},"end":{"line":34,"column":26}},"20":{"start":{"line":37,"column":15},"end":{"line":37,"column":33}},"21":{"start":{"line":38,"column":16},"end":{"line":38,"column":39}},"22":{"start":{"line":41,"column":2},"end":{"line":47,"column":3}},"23":{"start":{"line":42,"column":4},"end":{"line":42,"column":31}},"24":{"start":{"line":44,"column":4},"end":{"line":46,"column":6}},"25":{"start":{"line":49,"column":26},"end":{"line":49,"column":64}},"26":{"start":{"line":50,"column":21},"end":{"line":50,"column":71}},"27":{"start":{"line":51,"column":16},"end":{"line":51,"column":55}},"28":{"start":{"line":52,"column":2},"end":{"line":52,"column":62}},"29":{"start":{"line":57,"column":2},"end":{"line":61,"column":4}},"30":{"start":{"line":65,"column":16},"end":{"line":70,"column":3}},"31":{"start":{"line":71,"column":2},"end":{"line":71,"column":35}},"32":{"start":{"line":72,"column":2},"end":{"line":72,"column":15}},"33":{"start":{"line":76,"column":2},"end":{"line":84,"column":5}},"34":{"start":{"line":77,"column":4},"end":{"line":80,"column":5}},"35":{"start":{"line":78,"column":19},"end":{"line":78,"column":61}},"36":{"start":{"line":79,"column":6},"end":{"line":79,"column":37}},"37":{"start":{"line":81,"column":4},"end":{"line":83,"column":5}},"38":{"start":{"line":82,"column":6},"end":{"line":82,"column":46}},"39":{"start":{"line":88,"column":14},"end":{"line":88,"column":62}},"40":{"start":{"line":89,"column":17},"end":{"line":92,"column":3}},"41":{"start":{"line":93,"column":14},"end":{"line":93,"column":46}},"42":{"start":{"line":94,"column":2},"end":{"line":94,"column":52}},"43":{"start":{"line":95,"column":2},"end":{"line":98,"column":4}},"44":{"start":{"line":103,"column":2},"end":{"line":103,"column":44}},"45":{"start":{"line":107,"column":20},"end":{"line":107,"column":22}},"46":{"start":{"line":108,"column":23},"end":{"line":108,"column":25}},"47":{"start":{"line":110,"column":2},"end":{"line":121,"column":5}},"48":{"start":{"line":112,"column":22},"end":{"line":112,"column":50}},"49":{"start":{"line":113,"column":26},"end":{"line":113,"column":48}},"50":{"start":{"line":114,"column":27},"end":{"line":116,"column":7}},"51":{"start":{"line":115,"column":8},"end":{"line":115,"column":31}},"52":{"start":{"line":117,"column":6},"end":{"line":117,"column":79}},"53":{"start":{"line":118,"column":6},"end":{"line":119,"column":71}},"54":{"start":{"line":119,"column":8},"end":{"line":119,"column":71}},"55":{"start":{"line":123,"column":2},"end":{"line":123,"column":71}},"56":{"start":{"line":127,"column":15},"end":{"line":127,"column":48}},"57":{"start":{"line":128,"column":16},"end":{"line":128,"column":40}},"58":{"start":{"line":129,"column":14},"end":{"line":129,"column":36}},"59":{"start":{"line":130,"column":17},"end":{"line":130,"column":28}},"60":{"start":{"line":131,"column":17},"end":{"line":131,"column":46}},"61":{"start":{"line":132,"column":19},"end":{"line":132,"column":20}},"62":{"start":{"line":133,"column":16},"end":{"line":133,"column":17}},"63":{"start":{"line":134,"column":23},"end":{"line":134,"column":24}},"64":{"start":{"line":136,"column":2},"end":{"line":154,"column":5}},"65":{"start":{"line":138,"column":6},"end":{"line":142,"column":7}},"66":{"start":{"line":139,"column":8},"end":{"line":139,"column":25}},"67":{"start":{"line":140,"column":8},"end":{"line":140,"column":52}},"68":{"start":{"line":141,"column":8},"end":{"line":141,"column":62}},"69":{"start":{"line":141,"column":49},"end":{"line":141,"column":62}},"70":{"start":{"line":143,"column":6},"end":{"line":149,"column":7}},"71":{"start":{"line":148,"column":8},"end":{"line":148,"column":21}},"72":{"start":{"line":152,"column":6},"end":{"line":152,"column":51}},"73":{"start":{"line":152,"column":34},"end":{"line":152,"column":51}},"74":{"start":{"line":156,"column":2},"end":{"line":156,"column":67}},"75":{"start":{"line":160,"column":23},"end":{"line":160,"column":28}},"76":{"start":{"line":161,"column":18},"end":{"line":161,"column":23}},"77":{"start":{"line":163,"column":2},"end":{"line":173,"column":5}},"78":{"start":{"line":165,"column":6},"end":{"line":170,"column":7}},"79":{"start":{"line":169,"column":8},"end":{"line":169,"column":30}},"80":{"start":{"line":171,"column":6},"end":{"line":171,"column":56}},"81":{"start":{"line":171,"column":39},"end":{"line":171,"column":56}},"82":{"start":{"line":175,"column":2},"end":{"line":175,"column":66}},"83":{"start":{"line":179,"column":2},"end":{"line":186,"column":4}},"84":{"start":{"line":190,"column":2},"end":{"line":196,"column":4}},"85":{"start":{"line":200,"column":22},"end":{"line":204,"column":11}},"86":{"start":{"line":202,"column":38},"end":{"line":202,"column":53}},"87":{"start":{"line":205,"column":25},"end":{"line":214,"column":11}},"88":{"start":{"line":209,"column":25},"end":{"line":209,"column":79}},"89":{"start":{"line":216,"column":24},"end":{"line":216,"column":64}},"90":{"start":{"line":216,"column":49},"end":{"line":216,"column":63}},"91":{"start":{"line":217,"column":25},"end":{"line":217,"column":68}},"92":{"start":{"line":217,"column":50},"end":{"line":217,"column":67}},"93":{"start":{"line":218,"column":21},"end":{"line":221,"column":3}},"94":{"start":{"line":220,"column":6},"end":{"line":220,"column":68}},"95":{"start":{"line":220,"column":41},"end":{"line":220,"column":59}},"96":{"start":{"line":223,"column":24},"end":{"line":233,"column":3}},"97":{"start":{"line":234,"column":22},"end":{"line":234,"column":54}},"98":{"start":{"line":236,"column":2},"end":{"line":253,"column":4}},"99":{"start":{"line":258,"column":23},"end":{"line":258,"column":25}},"100":{"start":{"line":260,"column":2},"end":{"line":269,"column":3}},"101":{"start":{"line":261,"column":4},"end":{"line":268,"column":6}},"102":{"start":{"line":271,"column":24},"end":{"line":271,"column":64}},"103":{"start":{"line":271,"column":49},"end":{"line":271,"column":63}},"104":{"start":{"line":272,"column":2},"end":{"line":279,"column":3}},"105":{"start":{"line":273,"column":18},"end":{"line":275,"column":17}},"106":{"start":{"line":274,"column":18},"end":{"line":274,"column":62}},"107":{"start":{"line":276,"column":4},"end":{"line":278,"column":6}},"108":{"start":{"line":281,"column":25},"end":{"line":281,"column":68}},"109":{"start":{"line":281,"column":50},"end":{"line":281,"column":67}},"110":{"start":{"line":282,"column":2},"end":{"line":292,"column":3}},"111":{"start":{"line":283,"column":18},"end":{"line":288,"column":17}},"112":{"start":{"line":286,"column":10},"end":{"line":286,"column":81}},"113":{"start":{"line":289,"column":4},"end":{"line":291,"column":6}},"114":{"start":{"line":294,"column":21},"end":{"line":294,"column":57}},"115":{"start":{"line":294,"column":46},"end":{"line":294,"column":56}},"116":{"start":{"line":295,"column":2},"end":{"line":300,"column":3}},"117":{"start":{"line":296,"column":18},"end":{"line":296,"column":76}},"118":{"start":{"line":296,"column":40},"end":{"line":296,"column":64}},"119":{"start":{"line":297,"column":4},"end":{"line":299,"column":6}},"120":{"start":{"line":302,"column":26},"end":{"line":302,"column":35}},"121":{"start":{"line":303,"column":2},"end":{"line":306,"column":5}},"122":{"start":{"line":304,"column":16},"end":{"line":304,"column":44}},"123":{"start":{"line":305,"column":4},"end":{"line":305,"column":66}},"124":{"start":{"line":307,"column":26},"end":{"line":309,"column":3}},"125":{"start":{"line":308,"column":19},"end":{"line":308,"column":28}},"126":{"start":{"line":310,"column":2},"end":{"line":319,"column":3}},"127":{"start":{"line":314,"column":4},"end":{"line":318,"column":6}},"128":{"start":{"line":316,"column":25},"end":{"line":316,"column":47}},"129":{"start":{"line":321,"column":2},"end":{"line":331,"column":3}},"130":{"start":{"line":326,"column":21},"end":{"line":326,"column":75}},"131":{"start":{"line":328,"column":4},"end":{"line":330,"column":6}},"132":{"start":{"line":333,"column":2},"end":{"line":333,"column":22}},"133":{"start":{"line":339,"column":4},"end":{"line":339,"column":67}},"134":{"start":{"line":340,"column":21},"end":{"line":340,"column":66}},"135":{"start":{"line":342,"column":2},"end":{"line":344,"column":3}},"136":{"start":{"line":343,"column":4},"end":{"line":343,"column":50}},"137":{"start":{"line":346,"column":18},"end":{"line":349,"column":3}},"138":{"start":{"line":351,"column":2},"end":{"line":367,"column":3}},"139":{"start":{"line":352,"column":20},"end":{"line":352,"column":62}},"140":{"start":{"line":353,"column":17},"end":{"line":353,"column":40}},"141":{"start":{"line":354,"column":4},"end":{"line":354,"column":70}},"142":{"start":{"line":355,"column":4},"end":{"line":360,"column":7}},"143":{"start":{"line":356,"column":6},"end":{"line":358,"column":7}},"144":{"start":{"line":357,"column":8},"end":{"line":357,"column":38}},"145":{"start":{"line":359,"column":6},"end":{"line":359,"column":28}},"146":{"start":{"line":361,"column":4},"end":{"line":361,"column":75}},"147":{"start":{"line":362,"column":4},"end":{"line":362,"column":26}},"148":{"start":{"line":364,"column":4},"end":{"line":364,"column":72}},"149":{"start":{"line":366,"column":4},"end":{"line":366,"column":79}},"150":{"start":{"line":371,"column":18},"end":{"line":372,"column":70}},"151":{"start":{"line":372,"column":4},"end":{"line":372,"column":70}},"152":{"start":{"line":375,"column":4},"end":{"line":379,"column":17}},"153":{"start":{"line":381,"column":4},"end":{"line":385,"column":25}},"154":{"start":{"line":387,"column":4},"end":{"line":391,"column":13}},"155":{"start":{"line":393,"column":2},"end":{"line":487,"column":18}},"156":{"start":{"line":448,"column":14},"end":{"line":448,"column":56}},"157":{"start":{"line":452,"column":14},"end":{"line":452,"column":66}},"158":{"start":{"line":456,"column":14},"end":{"line":456,"column":59}},"159":{"start":{"line":462,"column":8},"end":{"line":462,"column":133}},"160":{"start":{"line":466,"column":13},"end":{"line":466,"column":28}},"161":{"start":{"line":490,"column":0},"end":{"line":501,"column":2}}},"fnMap":{"0":{"name":"runCheckStructure","decl":{"start":{"line":21,"column":15},"end":{"line":21,"column":32}},"loc":{"start":{"line":21,"column":35},"end":{"line":53,"column":1}},"line":21},"1":{"name":"promptSaveChanges","decl":{"start":{"line":56,"column":15},"end":{"line":56,"column":32}},"loc":{"start":{"line":56,"column":43},"end":{"line":62,"column":1}},"line":56},"2":{"name":"createWebviewPanel","decl":{"start":{"line":64,"column":9},"end":{"line":64,"column":27}},"loc":{"start":{"line":64,"column":50},"end":{"line":73,"column":1}},"line":64},"3":{"name":"handlePanelMessages","decl":{"start":{"line":75,"column":9},"end":{"line":75,"column":28}},"loc":{"start":{"line":75,"column":61},"end":{"line":85,"column":1}},"line":75},"4":{"name":"(anonymous_4)","decl":{"start":{"line":76,"column":36},"end":{"line":76,"column":37}},"loc":{"start":{"line":76,"column":55},"end":{"line":84,"column":3}},"line":76},"5":{"name":"jumpToLine","decl":{"start":{"line":87,"column":15},"end":{"line":87,"column":25}},"loc":{"start":{"line":87,"column":41},"end":{"line":99,"column":1}},"line":87},"6":{"name":"parseCodeToAST","decl":{"start":{"line":102,"column":9},"end":{"line":102,"column":23}},"loc":{"start":{"line":102,"column":30},"end":{"line":104,"column":1}},"line":102},"7":{"name":"analyseCodeStructure","decl":{"start":{"line":106,"column":9},"end":{"line":106,"column":29}},"loc":{"start":{"line":106,"column":48},"end":{"line":124,"column":1}},"line":106},"8":{"name":"(anonymous_8)","decl":{"start":{"line":111,"column":4},"end":{"line":111,"column":5}},"loc":{"start":{"line":111,"column":30},"end":{"line":120,"column":5}},"line":111},"9":{"name":"(anonymous_9)","decl":{"start":{"line":114,"column":66},"end":{"line":114,"column":67}},"loc":{"start":{"line":115,"column":8},"end":{"line":115,"column":31}},"line":115},"10":{"name":"extractFunctionMetrics","decl":{"start":{"line":126,"column":9},"end":{"line":126,"column":31}},"loc":{"start":{"line":126,"column":38},"end":{"line":157,"column":1}},"line":126},"11":{"name":"(anonymous_11)","decl":{"start":{"line":137,"column":4},"end":{"line":137,"column":5}},"loc":{"start":{"line":137,"column":19},"end":{"line":150,"column":5}},"line":137},"12":{"name":"(anonymous_12)","decl":{"start":{"line":151,"column":4},"end":{"line":151,"column":5}},"loc":{"start":{"line":151,"column":18},"end":{"line":153,"column":5}},"line":151},"13":{"name":"checkTestability","decl":{"start":{"line":159,"column":9},"end":{"line":159,"column":25}},"loc":{"start":{"line":159,"column":32},"end":{"line":176,"column":1}},"line":159},"14":{"name":"(anonymous_14)","decl":{"start":{"line":164,"column":4},"end":{"line":164,"column":5}},"loc":{"start":{"line":164,"column":19},"end":{"line":172,"column":5}},"line":164},"15":{"name":"isNestingNode","decl":{"start":{"line":178,"column":9},"end":{"line":178,"column":22}},"loc":{"start":{"line":178,"column":32},"end":{"line":187,"column":1}},"line":178},"16":{"name":"isComplexityIncreasingNode","decl":{"start":{"line":189,"column":9},"end":{"line":189,"column":35}},"loc":{"start":{"line":189,"column":45},"end":{"line":197,"column":1}},"line":189},"17":{"name":"computeStructureMetrics","decl":{"start":{"line":199,"column":9},"end":{"line":199,"column":32}},"loc":{"start":{"line":199,"column":71},"end":{"line":254,"column":1}},"line":199},"18":{"name":"(anonymous_18)","decl":{"start":{"line":202,"column":25},"end":{"line":202,"column":26}},"loc":{"start":{"line":202,"column":38},"end":{"line":202,"column":53}},"line":202},"19":{"name":"(anonymous_19)","decl":{"start":{"line":209,"column":18},"end":{"line":209,"column":19}},"loc":{"start":{"line":209,"column":25},"end":{"line":209,"column":79}},"line":209},"20":{"name":"(anonymous_20)","decl":{"start":{"line":216,"column":41},"end":{"line":216,"column":42}},"loc":{"start":{"line":216,"column":49},"end":{"line":216,"column":63}},"line":216},"21":{"name":"(anonymous_21)","decl":{"start":{"line":217,"column":42},"end":{"line":217,"column":43}},"loc":{"start":{"line":217,"column":50},"end":{"line":217,"column":67}},"line":217},"22":{"name":"(anonymous_22)","decl":{"start":{"line":219,"column":4},"end":{"line":219,"column":5}},"loc":{"start":{"line":220,"column":6},"end":{"line":220,"column":68}},"line":220},"23":{"name":"(anonymous_23)","decl":{"start":{"line":220,"column":34},"end":{"line":220,"column":35}},"loc":{"start":{"line":220,"column":41},"end":{"line":220,"column":59}},"line":220},"24":{"name":"generateObservations","decl":{"start":{"line":257,"column":9},"end":{"line":257,"column":29}},"loc":{"start":{"line":257,"column":77},"end":{"line":334,"column":1}},"line":257},"25":{"name":"(anonymous_25)","decl":{"start":{"line":271,"column":41},"end":{"line":271,"column":42}},"loc":{"start":{"line":271,"column":49},"end":{"line":271,"column":63}},"line":271},"26":{"name":"(anonymous_26)","decl":{"start":{"line":274,"column":11},"end":{"line":274,"column":12}},"loc":{"start":{"line":274,"column":18},"end":{"line":274,"column":62}},"line":274},"27":{"name":"(anonymous_27)","decl":{"start":{"line":281,"column":42},"end":{"line":281,"column":43}},"loc":{"start":{"line":281,"column":50},"end":{"line":281,"column":67}},"line":281},"28":{"name":"(anonymous_28)","decl":{"start":{"line":285,"column":8},"end":{"line":285,"column":9}},"loc":{"start":{"line":286,"column":10},"end":{"line":286,"column":81}},"line":286},"29":{"name":"(anonymous_29)","decl":{"start":{"line":294,"column":38},"end":{"line":294,"column":39}},"loc":{"start":{"line":294,"column":46},"end":{"line":294,"column":56}},"line":294},"30":{"name":"(anonymous_30)","decl":{"start":{"line":296,"column":33},"end":{"line":296,"column":34}},"loc":{"start":{"line":296,"column":40},"end":{"line":296,"column":64}},"line":296},"31":{"name":"(anonymous_31)","decl":{"start":{"line":303,"column":20},"end":{"line":303,"column":21}},"loc":{"start":{"line":303,"column":27},"end":{"line":306,"column":3}},"line":303},"32":{"name":"(anonymous_32)","decl":{"start":{"line":308,"column":4},"end":{"line":308,"column":5}},"loc":{"start":{"line":308,"column":19},"end":{"line":308,"column":28}},"line":308},"33":{"name":"(anonymous_33)","decl":{"start":{"line":316,"column":13},"end":{"line":316,"column":14}},"loc":{"start":{"line":316,"column":25},"end":{"line":316,"column":47}},"line":316},"34":{"name":"(anonymous_34)","decl":{"start":{"line":326,"column":14},"end":{"line":326,"column":15}},"loc":{"start":{"line":326,"column":21},"end":{"line":326,"column":75}},"line":326},"35":{"name":"exportPdf","decl":{"start":{"line":337,"column":15},"end":{"line":337,"column":24}},"loc":{"start":{"line":337,"column":47},"end":{"line":368,"column":1}},"line":337},"36":{"name":"(anonymous_36)","decl":{"start":{"line":355,"column":24},"end":{"line":355,"column":25}},"loc":{"start":{"line":355,"column":30},"end":{"line":360,"column":5}},"line":355},"37":{"name":"createHtmlContent","decl":{"start":{"line":370,"column":9},"end":{"line":370,"column":26}},"loc":{"start":{"line":370,"column":52},"end":{"line":488,"column":1}},"line":370},"38":{"name":"(anonymous_38)","decl":{"start":{"line":371,"column":18},"end":{"line":371,"column":19}},"loc":{"start":{"line":372,"column":4},"end":{"line":372,"column":70}},"line":372},"39":{"name":"(anonymous_39)","decl":{"start":{"line":448,"column":6},"end":{"line":448,"column":7}},"loc":{"start":{"line":448,"column":14},"end":{"line":448,"column":56}},"line":448},"40":{"name":"(anonymous_40)","decl":{"start":{"line":452,"column":6},"end":{"line":452,"column":7}},"loc":{"start":{"line":452,"column":14},"end":{"line":452,"column":66}},"line":452},"41":{"name":"(anonymous_41)","decl":{"start":{"line":456,"column":6},"end":{"line":456,"column":7}},"loc":{"start":{"line":456,"column":14},"end":{"line":456,"column":59}},"line":456},"42":{"name":"(anonymous_42)","decl":{"start":{"line":461,"column":6},"end":{"line":461,"column":7}},"loc":{"start":{"line":462,"column":8},"end":{"line":462,"column":133}},"line":462},"43":{"name":"(anonymous_43)","decl":{"start":{"line":466,"column":6},"end":{"line":466,"column":7}},"loc":{"start":{"line":466,"column":13},"end":{"line":466,"column":28}},"line":466}},"branchMap":{"0":{"loc":{"start":{"line":23,"column":2},"end":{"line":23,"column":75}},"type":"if","locations":[{"start":{"line":23,"column":2},"end":{"line":23,"column":75}},{"start":{},"end":{}}],"line":23},"1":{"loc":{"start":{"line":28,"column":2},"end":{"line":29,"column":75}},"type":"if","locations":[{"start":{"line":28,"column":2},"end":{"line":29,"column":75}},{"start":{},"end":{}}],"line":28},"2":{"loc":{"start":{"line":31,"column":2},"end":{"line":35,"column":3}},"type":"if","locations":[{"start":{"line":31,"column":2},"end":{"line":35,"column":3}},{"start":{},"end":{}}],"line":31},"3":{"loc":{"start":{"line":33,"column":4},"end":{"line":33,"column":51}},"type":"if","locations":[{"start":{"line":33,"column":4},"end":{"line":33,"column":51}},{"start":{},"end":{}}],"line":33},"4":{"loc":{"start":{"line":77,"column":4},"end":{"line":80,"column":5}},"type":"if","locations":[{"start":{"line":77,"column":4},"end":{"line":80,"column":5}},{"start":{},"end":{}}],"line":77},"5":{"loc":{"start":{"line":81,"column":4},"end":{"line":83,"column":5}},"type":"if","locations":[{"start":{"line":81,"column":4},"end":{"line":83,"column":5}},{"start":{},"end":{}}],"line":81},"6":{"loc":{"start":{"line":114,"column":28},"end":{"line":114,"column":59}},"type":"binary-expr","locations":[{"start":{"line":114,"column":28},"end":{"line":114,"column":53}},{"start":{"line":114,"column":57},"end":{"line":114,"column":59}}],"line":114},"7":{"loc":{"start":{"line":118,"column":6},"end":{"line":119,"column":71}},"type":"if","locations":[{"start":{"line":118,"column":6},"end":{"line":119,"column":71}},{"start":{},"end":{}}],"line":118},"8":{"loc":{"start":{"line":127,"column":15},"end":{"line":127,"column":48}},"type":"binary-expr","locations":[{"start":{"line":127,"column":15},"end":{"line":127,"column":33}},{"start":{"line":127,"column":37},"end":{"line":127,"column":48}}],"line":127},"9":{"loc":{"start":{"line":131,"column":17},"end":{"line":131,"column":46}},"type":"binary-expr","locations":[{"start":{"line":131,"column":17},"end":{"line":131,"column":41}},{"start":{"line":131,"column":45},"end":{"line":131,"column":46}}],"line":131},"10":{"loc":{"start":{"line":138,"column":6},"end":{"line":142,"column":7}},"type":"if","locations":[{"start":{"line":138,"column":6},"end":{"line":142,"column":7}},{"start":{},"end":{}}],"line":138},"11":{"loc":{"start":{"line":141,"column":8},"end":{"line":141,"column":62}},"type":"if","locations":[{"start":{"line":141,"column":8},"end":{"line":141,"column":62}},{"start":{},"end":{}}],"line":141},"12":{"loc":{"start":{"line":143,"column":6},"end":{"line":149,"column":7}},"type":"if","locations":[{"start":{"line":143,"column":6},"end":{"line":149,"column":7}},{"start":{},"end":{}}],"line":143},"13":{"loc":{"start":{"line":144,"column":8},"end":{"line":146,"column":36}},"type":"binary-expr","locations":[{"start":{"line":144,"column":8},"end":{"line":144,"column":37}},{"start":{"line":145,"column":8},"end":{"line":145,"column":41}},{"start":{"line":146,"column":8},"end":{"line":146,"column":36}}],"line":144},"14":{"loc":{"start":{"line":152,"column":6},"end":{"line":152,"column":51}},"type":"if","locations":[{"start":{"line":152,"column":6},"end":{"line":152,"column":51}},{"start":{},"end":{}}],"line":152},"15":{"loc":{"start":{"line":165,"column":6},"end":{"line":170,"column":7}},"type":"if","locations":[{"start":{"line":165,"column":6},"end":{"line":170,"column":7}},{"start":{},"end":{}}],"line":165},"16":{"loc":{"start":{"line":166,"column":8},"end":{"line":167,"column":69}},"type":"binary-expr","locations":[{"start":{"line":166,"column":8},"end":{"line":166,"column":34}},{"start":{"line":167,"column":8},"end":{"line":167,"column":69}}],"line":166},"17":{"loc":{"start":{"line":171,"column":6},"end":{"line":171,"column":56}},"type":"if","locations":[{"start":{"line":171,"column":6},"end":{"line":171,"column":56}},{"start":{},"end":{}}],"line":171},"18":{"loc":{"start":{"line":175,"column":35},"end":{"line":175,"column":63}},"type":"binary-expr","locations":[{"start":{"line":175,"column":35},"end":{"line":175,"column":44}},{"start":{"line":175,"column":48},"end":{"line":175,"column":63}}],"line":175},"19":{"loc":{"start":{"line":180,"column":4},"end":{"line":185,"column":28}},"type":"binary-expr","locations":[{"start":{"line":180,"column":4},"end":{"line":180,"column":27}},{"start":{"line":181,"column":4},"end":{"line":181,"column":28}},{"start":{"line":182,"column":4},"end":{"line":182,"column":30}},{"start":{"line":183,"column":4},"end":{"line":183,"column":30}},{"start":{"line":184,"column":4},"end":{"line":184,"column":31}},{"start":{"line":185,"column":4},"end":{"line":185,"column":28}}],"line":180},"20":{"loc":{"start":{"line":191,"column":4},"end":{"line":195,"column":28}},"type":"binary-expr","locations":[{"start":{"line":191,"column":4},"end":{"line":191,"column":27}},{"start":{"line":192,"column":4},"end":{"line":192,"column":28}},{"start":{"line":193,"column":4},"end":{"line":193,"column":30}},{"start":{"line":194,"column":4},"end":{"line":194,"column":31}},{"start":{"line":195,"column":4},"end":{"line":195,"column":28}}],"line":191},"21":{"loc":{"start":{"line":200,"column":22},"end":{"line":204,"column":11}},"type":"cond-expr","locations":[{"start":{"line":201,"column":6},"end":{"line":203,"column":18}},{"start":{"line":204,"column":6},"end":{"line":204,"column":11}}],"line":200},"22":{"loc":{"start":{"line":205,"column":25},"end":{"line":214,"column":11}},"type":"cond-expr","locations":[{"start":{"line":206,"column":6},"end":{"line":213,"column":18}},{"start":{"line":214,"column":6},"end":{"line":214,"column":11}}],"line":205},"23":{"loc":{"start":{"line":209,"column":25},"end":{"line":209,"column":79}},"type":"binary-expr","locations":[{"start":{"line":209,"column":25},"end":{"line":209,"column":50}},{"start":{"line":209,"column":54},"end":{"line":209,"column":79}}],"line":209},"24":{"loc":{"start":{"line":220,"column":6},"end":{"line":220,"column":68}},"type":"binary-expr","locations":[{"start":{"line":220,"column":6},"end":{"line":220,"column":16}},{"start":{"line":220,"column":20},"end":{"line":220,"column":68}}],"line":220},"25":{"loc":{"start":{"line":231,"column":9},"end":{"line":231,"column":30}},"type":"binary-expr","locations":[{"start":{"line":231,"column":9},"end":{"line":231,"column":25}},{"start":{"line":231,"column":29},"end":{"line":231,"column":30}}],"line":231},"26":{"loc":{"start":{"line":260,"column":2},"end":{"line":269,"column":3}},"type":"if","locations":[{"start":{"line":260,"column":2},"end":{"line":269,"column":3}},{"start":{},"end":{}}],"line":260},"27":{"loc":{"start":{"line":272,"column":2},"end":{"line":279,"column":3}},"type":"if","locations":[{"start":{"line":272,"column":2},"end":{"line":279,"column":3}},{"start":{},"end":{}}],"line":272},"28":{"loc":{"start":{"line":282,"column":2},"end":{"line":292,"column":3}},"type":"if","locations":[{"start":{"line":282,"column":2},"end":{"line":292,"column":3}},{"start":{},"end":{}}],"line":282},"29":{"loc":{"start":{"line":295,"column":2},"end":{"line":300,"column":3}},"type":"if","locations":[{"start":{"line":295,"column":2},"end":{"line":300,"column":3}},{"start":{},"end":{}}],"line":295},"30":{"loc":{"start":{"line":305,"column":30},"end":{"line":305,"column":59}},"type":"binary-expr","locations":[{"start":{"line":305,"column":30},"end":{"line":305,"column":54}},{"start":{"line":305,"column":58},"end":{"line":305,"column":59}}],"line":305},"31":{"loc":{"start":{"line":310,"column":2},"end":{"line":319,"column":3}},"type":"if","locations":[{"start":{"line":310,"column":2},"end":{"line":319,"column":3}},{"start":{},"end":{}}],"line":310},"32":{"loc":{"start":{"line":311,"column":4},"end":{"line":312,"column":60}},"type":"binary-expr","locations":[{"start":{"line":311,"column":4},"end":{"line":311,"column":30}},{"start":{"line":312,"column":4},"end":{"line":312,"column":60}}],"line":311},"33":{"loc":{"start":{"line":321,"column":2},"end":{"line":331,"column":3}},"type":"if","locations":[{"start":{"line":321,"column":2},"end":{"line":331,"column":3}},{"start":{},"end":{}}],"line":321},"34":{"loc":{"start":{"line":322,"column":4},"end":{"line":326,"column":77}},"type":"binary-expr","locations":[{"start":{"line":322,"column":4},"end":{"line":322,"column":35}},{"start":{"line":323,"column":5},"end":{"line":323,"column":25}},{"start":{"line":324,"column":6},"end":{"line":326,"column":76}}],"line":322},"35":{"loc":{"start":{"line":326,"column":21},"end":{"line":326,"column":75}},"type":"binary-expr","locations":[{"start":{"line":326,"column":21},"end":{"line":326,"column":46}},{"start":{"line":326,"column":50},"end":{"line":326,"column":75}}],"line":326},"36":{"loc":{"start":{"line":339,"column":4},"end":{"line":339,"column":67}},"type":"binary-expr","locations":[{"start":{"line":339,"column":4},"end":{"line":339,"column":54}},{"start":{"line":339,"column":58},"end":{"line":339,"column":67}}],"line":339},"37":{"loc":{"start":{"line":342,"column":2},"end":{"line":344,"column":3}},"type":"if","locations":[{"start":{"line":342,"column":2},"end":{"line":344,"column":3}},{"start":{},"end":{}}],"line":342},"38":{"loc":{"start":{"line":356,"column":6},"end":{"line":358,"column":7}},"type":"if","locations":[{"start":{"line":356,"column":6},"end":{"line":358,"column":7}},{"start":{},"end":{}}],"line":356},"39":{"loc":{"start":{"line":371,"column":28},"end":{"line":371,"column":54}},"type":"default-arg","locations":[{"start":{"line":371,"column":39},"end":{"line":371,"column":54}}],"line":371},"40":{"loc":{"start":{"line":372,"column":4},"end":{"line":372,"column":70}},"type":"cond-expr","locations":[{"start":{"line":372,"column":39},"end":{"line":372,"column":59}},{"start":{"line":372,"column":62},"end":{"line":372,"column":70}}],"line":372},"41":{"loc":{"start":{"line":372,"column":4},"end":{"line":372,"column":36}},"type":"binary-expr","locations":[{"start":{"line":372,"column":4},"end":{"line":372,"column":22}},{"start":{"line":372,"column":26},"end":{"line":372,"column":36}}],"line":372},"42":{"loc":{"start":{"line":375,"column":4},"end":{"line":379,"column":17}},"type":"cond-expr","locations":[{"start":{"line":376,"column":8},"end":{"line":376,"column":17}},{"start":{"line":377,"column":8},"end":{"line":379,"column":17}}],"line":375},"43":{"loc":{"start":{"line":377,"column":8},"end":{"line":379,"column":17}},"type":"cond-expr","locations":[{"start":{"line":378,"column":8},"end":{"line":378,"column":17}},{"start":{"line":379,"column":8},"end":{"line":379,"column":17}}],"line":377},"44":{"loc":{"start":{"line":381,"column":4},"end":{"line":385,"column":25}},"type":"cond-expr","locations":[{"start":{"line":382,"column":8},"end":{"line":382,"column":17}},{"start":{"line":383,"column":8},"end":{"line":385,"column":25}}],"line":381},"45":{"loc":{"start":{"line":383,"column":8},"end":{"line":385,"column":25}},"type":"cond-expr","locations":[{"start":{"line":384,"column":8},"end":{"line":384,"column":18}},{"start":{"line":385,"column":8},"end":{"line":385,"column":25}}],"line":383},"46":{"loc":{"start":{"line":387,"column":4},"end":{"line":391,"column":13}},"type":"cond-expr","locations":[{"start":{"line":388,"column":8},"end":{"line":388,"column":14}},{"start":{"line":389,"column":8},"end":{"line":391,"column":13}}],"line":387},"47":{"loc":{"start":{"line":389,"column":8},"end":{"line":391,"column":13}},"type":"cond-expr","locations":[{"start":{"line":390,"column":8},"end":{"line":390,"column":18}},{"start":{"line":391,"column":8},"end":{"line":391,"column":13}}],"line":389}},"s":{"0":2,"1":2,"2":2,"3":2,"4":2,"5":2,"6":2,"7":2,"8":10,"9":10,"10":2,"11":8,"12":8,"13":8,"14":2,"15":6,"16":3,"17":3,"18":2,"19":1,"20":4,"21":4,"22":4,"23":4,"24":2,"25":2,"26":2,"27":2,"28":2,"29":4,"30":3,"31":3,"32":3,"33":5,"34":4,"35":2,"36":2,"37":4,"38":2,"39":2,"40":2,"41":2,"42":2,"43":2,"44":7,"45":14,"46":14,"47":14,"48":22,"49":22,"50":22,"51":4,"52":22,"53":22,"54":20,"55":14,"56":23,"57":23,"58":23,"59":23,"60":23,"61":23,"62":23,"63":23,"64":23,"65":800,"66":61,"67":61,"68":61,"69":19,"70":800,"71":6,"72":800,"73":61,"74":23,"75":24,"76":24,"77":24,"78":806,"79":107,"80":806,"81":15,"82":24,"83":1600,"84":61,"85":14,"86":22,"87":14,"88":183,"89":14,"90":22,"91":14,"92":22,"93":14,"94":22,"95":22,"96":14,"97":14,"98":14,"99":14,"100":14,"101":10,"102":14,"103":22,"104":14,"105":2,"106":2,"107":2,"108":14,"109":22,"110":14,"111":2,"112":2,"113":2,"114":14,"115":22,"116":14,"117":7,"118":11,"119":7,"120":14,"121":14,"122":22,"123":22,"124":14,"125":20,"126":14,"127":3,"128":2,"129":14,"130":1,"131":12,"132":14,"133":8,"134":8,"135":8,"136":4,"137":8,"138":8,"139":8,"140":6,"141":6,"142":6,"143":0,"144":0,"145":0,"146":2,"147":2,"148":2,"149":6,"150":9,"151":45,"152":9,"153":9,"154":9,"155":9,"156":1,"157":1,"158":2,"159":2,"160":8,"161":2},"f":{"0":10,"1":4,"2":3,"3":5,"4":4,"5":2,"6":7,"7":14,"8":22,"9":4,"10":23,"11":800,"12":800,"13":24,"14":806,"15":1600,"16":61,"17":14,"18":22,"19":183,"20":22,"21":22,"22":22,"23":22,"24":14,"25":22,"26":2,"27":22,"28":2,"29":22,"30":11,"31":22,"32":20,"33":2,"34":1,"35":8,"36":0,"37":9,"38":45,"39":1,"40":1,"41":2,"42":2,"43":8},"b":{"0":[2,8],"1":[2,6],"2":[3,3],"3":[2,1],"4":[2,2],"5":[2,2],"6":[22,19],"7":[20,2],"8":[23,0],"9":[23,18],"10":[61,739],"11":[19,42],"12":[6,794],"13":[800,800,800],"14":[61,739],"15":[107,699],"16":[806,107],"17":[15,791],"18":[24,15],"19":[1600,1566,1562,1562,1478,1478],"20":[61,44,42,42,42],"21":[12,2],"22":[14,0],"23":[183,180],"24":[22,11],"25":[14,2],"26":[10,4],"27":[2,12],"28":[2,12],"29":[7,7],"30":[22,20],"31":[3,11],"32":[14,12],"33":[12,2],"34":[14,13,1],"35":[1,1],"36":[8,0],"37":[4,4],"38":[0,0],"39":[45],"40":[11,34],"41":[45,40],"42":[6,3],"43":[2,1],"44":[6,3],"45":[2,1],"46":[0,9],"47":[0,9]},"_coverageSchema":"1a1c01bbd47fc00a2c39e90264f33305004495a9","hash":"fd306748e6e095c82167376a098c5b8beb72d7ff"}
,"C:\\Users\\fmerton001\\Desktop\\pwc-code-refactor-tool\\code-refactoring-tool\\features\\fixNaming.js": {"path":"C:\\Users\\fmerton001\\Desktop\\pwc-code-refactor-tool\\code-refactoring-tool\\features\\fixNaming.js","statementMap":{"0":{"start":{"line":1,"column":15},"end":{"line":1,"column":32}},"1":{"start":{"line":2,"column":15},"end":{"line":2,"column":39}},"2":{"start":{"line":3,"column":17},"end":{"line":3,"column":51}},"3":{"start":{"line":4,"column":22},"end":{"line":4,"column":46}},"4":{"start":{"line":5,"column":13},"end":{"line":5,"column":28}},"5":{"start":{"line":14,"column":4},"end":{"line":14,"column":38}},"6":{"start":{"line":18,"column":14},"end":{"line":18,"column":53}},"7":{"start":{"line":19,"column":2},"end":{"line":19,"column":70}},"8":{"start":{"line":19,"column":47},"end":{"line":19,"column":70}},"9":{"start":{"line":20,"column":2},"end":{"line":21,"column":27}},"10":{"start":{"line":21,"column":4},"end":{"line":21,"column":27}},"11":{"start":{"line":22,"column":2},"end":{"line":22,"column":24}},"12":{"start":{"line":27,"column":21},"end":{"line":27,"column":69}},"13":{"start":{"line":28,"column":2},"end":{"line":39,"column":3}},"14":{"start":{"line":29,"column":19},"end":{"line":31,"column":6}},"15":{"start":{"line":32,"column":4},"end":{"line":32,"column":60}},"16":{"start":{"line":32,"column":29},"end":{"line":32,"column":60}},"17":{"start":{"line":33,"column":4},"end":{"line":33,"column":37}},"18":{"start":{"line":35,"column":4},"end":{"line":37,"column":6}},"19":{"start":{"line":38,"column":4},"end":{"line":38,"column":14}},"20":{"start":{"line":43,"column":18},"end":{"line":43,"column":70}},"21":{"start":{"line":44,"column":2},"end":{"line":62,"column":3}},"22":{"start":{"line":45,"column":19},"end":{"line":47,"column":6}},"23":{"start":{"line":49,"column":4},"end":{"line":49,"column":42}},"24":{"start":{"line":50,"column":4},"end":{"line":50,"column":42}},"25":{"start":{"line":51,"column":4},"end":{"line":51,"column":45}},"26":{"start":{"line":53,"column":4},"end":{"line":54,"column":61}},"27":{"start":{"line":54,"column":6},"end":{"line":54,"column":61}},"28":{"start":{"line":56,"column":4},"end":{"line":56,"column":37}},"29":{"start":{"line":58,"column":4},"end":{"line":60,"column":6}},"30":{"start":{"line":61,"column":4},"end":{"line":61,"column":14}},"31":{"start":{"line":67,"column":17},"end":{"line":67,"column":38}},"32":{"start":{"line":68,"column":25},"end":{"line":68,"column":34}},"33":{"start":{"line":70,"column":2},"end":{"line":76,"column":4}},"34":{"start":{"line":73,"column":8},"end":{"line":73,"column":56}},"35":{"start":{"line":78,"column":17},"end":{"line":78,"column":47}},"36":{"start":{"line":79,"column":2},"end":{"line":79,"column":73}},"37":{"start":{"line":79,"column":15},"end":{"line":79,"column":73}},"38":{"start":{"line":81,"column":19},"end":{"line":81,"column":34}},"39":{"start":{"line":82,"column":18},"end":{"line":82,"column":30}},"40":{"start":{"line":83,"column":21},"end":{"line":83,"column":40}},"41":{"start":{"line":84,"column":19},"end":{"line":84,"column":36}},"42":{"start":{"line":85,"column":15},"end":{"line":85,"column":33}},"43":{"start":{"line":87,"column":2},"end":{"line":88,"column":75}},"44":{"start":{"line":88,"column":4},"end":{"line":88,"column":75}},"45":{"start":{"line":89,"column":2},"end":{"line":97,"column":3}},"46":{"start":{"line":90,"column":17},"end":{"line":94,"column":5}},"47":{"start":{"line":95,"column":4},"end":{"line":95,"column":45}},"48":{"start":{"line":95,"column":38},"end":{"line":95,"column":45}},"49":{"start":{"line":96,"column":4},"end":{"line":96,"column":26}},"50":{"start":{"line":99,"column":22},"end":{"line":99,"column":70}},"51":{"start":{"line":100,"column":2},"end":{"line":100,"column":27}},"52":{"start":{"line":100,"column":20},"end":{"line":100,"column":27}},"53":{"start":{"line":102,"column":31},"end":{"line":102,"column":61}},"54":{"start":{"line":103,"column":16},"end":{"line":110,"column":3}},"55":{"start":{"line":112,"column":2},"end":{"line":119,"column":3}},"56":{"start":{"line":113,"column":4},"end":{"line":115,"column":5}},"57":{"start":{"line":114,"column":6},"end":{"line":114,"column":13}},"58":{"start":{"line":116,"column":4},"end":{"line":118,"column":6}},"59":{"start":{"line":121,"column":2},"end":{"line":128,"column":5}},"60":{"start":{"line":133,"column":20},"end":{"line":133,"column":74}},"61":{"start":{"line":134,"column":2},"end":{"line":140,"column":4}},"62":{"start":{"line":144,"column":2},"end":{"line":150,"column":3}},"63":{"start":{"line":145,"column":4},"end":{"line":145,"column":58}},"64":{"start":{"line":146,"column":9},"end":{"line":150,"column":3}},"65":{"start":{"line":147,"column":4},"end":{"line":147,"column":60}},"66":{"start":{"line":149,"column":4},"end":{"line":149,"column":58}},"67":{"start":{"line":154,"column":27},"end":{"line":168,"column":4}},"68":{"start":{"line":170,"column":23},"end":{"line":170,"column":44}},"69":{"start":{"line":171,"column":18},"end":{"line":171,"column":34}},"70":{"start":{"line":172,"column":19},"end":{"line":172,"column":59}},"71":{"start":{"line":174,"column":2},"end":{"line":174,"column":45}},"72":{"start":{"line":185,"column":16},"end":{"line":185,"column":18}},"73":{"start":{"line":187,"column":2},"end":{"line":260,"column":3}},"74":{"start":{"line":188,"column":18},"end":{"line":188,"column":46}},"75":{"start":{"line":189,"column":4},"end":{"line":198,"column":5}},"76":{"start":{"line":190,"column":25},"end":{"line":190,"column":38}},"77":{"start":{"line":191,"column":6},"end":{"line":197,"column":7}},"78":{"start":{"line":196,"column":8},"end":{"line":196,"column":51}},"79":{"start":{"line":199,"column":9},"end":{"line":260,"column":3}},"80":{"start":{"line":200,"column":18},"end":{"line":200,"column":46}},"81":{"start":{"line":201,"column":4},"end":{"line":210,"column":5}},"82":{"start":{"line":202,"column":25},"end":{"line":202,"column":38}},"83":{"start":{"line":203,"column":6},"end":{"line":209,"column":7}},"84":{"start":{"line":208,"column":8},"end":{"line":208,"column":51}},"85":{"start":{"line":213,"column":4},"end":{"line":223,"column":5}},"86":{"start":{"line":214,"column":6},"end":{"line":217,"column":9}},"87":{"start":{"line":219,"column":6},"end":{"line":221,"column":8}},"88":{"start":{"line":222,"column":6},"end":{"line":222,"column":16}},"89":{"start":{"line":225,"column":23},"end":{"line":225,"column":25}},"90":{"start":{"line":226,"column":4},"end":{"line":259,"column":7}},"91":{"start":{"line":228,"column":8},"end":{"line":230,"column":9}},"92":{"start":{"line":229,"column":10},"end":{"line":229,"column":69}},"93":{"start":{"line":233,"column":8},"end":{"line":235,"column":9}},"94":{"start":{"line":234,"column":10},"end":{"line":234,"column":27}},"95":{"start":{"line":238,"column":8},"end":{"line":245,"column":10}},"96":{"start":{"line":248,"column":8},"end":{"line":257,"column":9}},"97":{"start":{"line":249,"column":10},"end":{"line":256,"column":12}},"98":{"start":{"line":262,"column":2},"end":{"line":262,"column":15}},"99":{"start":{"line":266,"column":21},"end":{"line":266,"column":34}},"100":{"start":{"line":267,"column":2},"end":{"line":276,"column":3}},"101":{"start":{"line":272,"column":24},"end":{"line":272,"column":55}},"102":{"start":{"line":273,"column":4},"end":{"line":275,"column":5}},"103":{"start":{"line":274,"column":6},"end":{"line":274,"column":49}},"104":{"start":{"line":281,"column":4},"end":{"line":281,"column":11}},"105":{"start":{"line":283,"column":22},"end":{"line":286,"column":3}},"106":{"start":{"line":287,"column":2},"end":{"line":287,"column":61}},"107":{"start":{"line":287,"column":54},"end":{"line":287,"column":61}},"108":{"start":{"line":289,"column":20},"end":{"line":289,"column":24}},"109":{"start":{"line":290,"column":21},"end":{"line":290,"column":22}},"110":{"start":{"line":292,"column":2},"end":{"line":373,"column":3}},"111":{"start":{"line":293,"column":24},"end":{"line":293,"column":59}},"112":{"start":{"line":295,"column":23},"end":{"line":297,"column":5}},"113":{"start":{"line":298,"column":4},"end":{"line":298,"column":59}},"114":{"start":{"line":300,"column":4},"end":{"line":305,"column":6}},"115":{"start":{"line":307,"column":20},"end":{"line":311,"column":5}},"116":{"start":{"line":312,"column":4},"end":{"line":317,"column":5}},"117":{"start":{"line":313,"column":6},"end":{"line":315,"column":8}},"118":{"start":{"line":316,"column":6},"end":{"line":316,"column":13}},"119":{"start":{"line":319,"column":20},"end":{"line":324,"column":5}},"120":{"start":{"line":325,"column":4},"end":{"line":325,"column":45}},"121":{"start":{"line":325,"column":17},"end":{"line":325,"column":45}},"122":{"start":{"line":326,"column":4},"end":{"line":326,"column":79}},"123":{"start":{"line":328,"column":4},"end":{"line":371,"column":5}},"124":{"start":{"line":329,"column":26},"end":{"line":333,"column":7}},"125":{"start":{"line":335,"column":25},"end":{"line":337,"column":7}},"126":{"start":{"line":338,"column":6},"end":{"line":338,"column":61}},"127":{"start":{"line":340,"column":6},"end":{"line":345,"column":8}},"128":{"start":{"line":347,"column":25},"end":{"line":351,"column":8}},"129":{"start":{"line":353,"column":6},"end":{"line":353,"column":69}},"130":{"start":{"line":353,"column":60},"end":{"line":353,"column":69}},"131":{"start":{"line":355,"column":28},"end":{"line":359,"column":7}},"132":{"start":{"line":361,"column":22},"end":{"line":366,"column":7}},"133":{"start":{"line":367,"column":6},"end":{"line":370,"column":7}},"134":{"start":{"line":368,"column":8},"end":{"line":368,"column":36}},"135":{"start":{"line":369,"column":8},"end":{"line":369,"column":23}},"136":{"start":{"line":372,"column":4},"end":{"line":372,"column":79}},"137":{"start":{"line":375,"column":23},"end":{"line":375,"column":50}},"138":{"start":{"line":376,"column":2},"end":{"line":383,"column":3}},"139":{"start":{"line":377,"column":4},"end":{"line":382,"column":6}},"140":{"start":{"line":385,"column":2},"end":{"line":390,"column":12}},"141":{"start":{"line":386,"column":4},"end":{"line":389,"column":7}},"142":{"start":{"line":394,"column":20},"end":{"line":394,"column":24}},"143":{"start":{"line":395,"column":2},"end":{"line":400,"column":3}},"144":{"start":{"line":396,"column":4},"end":{"line":399,"column":6}},"145":{"start":{"line":401,"column":2},"end":{"line":401,"column":21}},"146":{"start":{"line":405,"column":2},"end":{"line":405,"column":72}},"147":{"start":{"line":409,"column":2},"end":{"line":422,"column":3}},"148":{"start":{"line":410,"column":17},"end":{"line":410,"column":43}},"149":{"start":{"line":411,"column":22},"end":{"line":414,"column":5}},"150":{"start":{"line":415,"column":4},"end":{"line":415,"column":46}},"151":{"start":{"line":416,"column":4},"end":{"line":416,"column":43}},"152":{"start":{"line":417,"column":4},"end":{"line":417,"column":26}},"153":{"start":{"line":418,"column":4},"end":{"line":418,"column":16}},"154":{"start":{"line":420,"column":4},"end":{"line":420,"column":65}},"155":{"start":{"line":421,"column":4},"end":{"line":421,"column":17}},"156":{"start":{"line":425,"column":0},"end":{"line":425,"column":39}}},"fnMap":{"0":{"name":"detectPreferredStyleFromLanguage","decl":{"start":{"line":17,"column":9},"end":{"line":17,"column":41}},"loc":{"start":{"line":17,"column":69},"end":{"line":23,"column":1}},"line":17},"1":{"name":"extractPythonNames","decl":{"start":{"line":26,"column":9},"end":{"line":26,"column":27}},"loc":{"start":{"line":26,"column":38},"end":{"line":40,"column":1}},"line":26},"2":{"name":"extractCSharpNames","decl":{"start":{"line":42,"column":9},"end":{"line":42,"column":27}},"loc":{"start":{"line":42,"column":38},"end":{"line":63,"column":1}},"line":42},"3":{"name":"runFixNaming","decl":{"start":{"line":66,"column":15},"end":{"line":66,"column":27}},"loc":{"start":{"line":66,"column":37},"end":{"line":129,"column":1}},"line":66},"4":{"name":"(anonymous_4)","decl":{"start":{"line":72,"column":6},"end":{"line":72,"column":7}},"loc":{"start":{"line":72,"column":38},"end":{"line":74,"column":7}},"line":72},"5":{"name":"promptForNamingStyle","decl":{"start":{"line":132,"column":15},"end":{"line":132,"column":35}},"loc":{"start":{"line":132,"column":58},"end":{"line":141,"column":1}},"line":132},"6":{"name":"getStyleFunctions","decl":{"start":{"line":143,"column":9},"end":{"line":143,"column":26}},"loc":{"start":{"line":143,"column":40},"end":{"line":151,"column":1}},"line":143},"7":{"name":"shouldSkipRename","decl":{"start":{"line":153,"column":9},"end":{"line":153,"column":25}},"loc":{"start":{"line":153,"column":39},"end":{"line":175,"column":1}},"line":153},"8":{"name":"findNamingMismatches","decl":{"start":{"line":177,"column":15},"end":{"line":177,"column":35}},"loc":{"start":{"line":184,"column":2},"end":{"line":263,"column":1}},"line":184},"9":{"name":"(anonymous_9)","decl":{"start":{"line":227,"column":6},"end":{"line":227,"column":7}},"loc":{"start":{"line":227,"column":18},"end":{"line":231,"column":7}},"line":227},"10":{"name":"(anonymous_10)","decl":{"start":{"line":232,"column":6},"end":{"line":232,"column":7}},"loc":{"start":{"line":232,"column":17},"end":{"line":236,"column":7}},"line":232},"11":{"name":"(anonymous_11)","decl":{"start":{"line":237,"column":6},"end":{"line":237,"column":7}},"loc":{"start":{"line":237,"column":31},"end":{"line":246,"column":7}},"line":237},"12":{"name":"(anonymous_12)","decl":{"start":{"line":247,"column":6},"end":{"line":247,"column":7}},"loc":{"start":{"line":247,"column":32},"end":{"line":258,"column":7}},"line":247},"13":{"name":"handleBinding","decl":{"start":{"line":265,"column":9},"end":{"line":265,"column":22}},"loc":{"start":{"line":265,"column":79},"end":{"line":277,"column":1}},"line":265},"14":{"name":"proceedWithRenaming","decl":{"start":{"line":279,"column":15},"end":{"line":279,"column":34}},"loc":{"start":{"line":279,"column":51},"end":{"line":391,"column":1}},"line":279},"15":{"name":"applyAllChanges","decl":{"start":{"line":393,"column":9},"end":{"line":393,"column":24}},"loc":{"start":{"line":393,"column":38},"end":{"line":402,"column":1}},"line":393},"16":{"name":"applyChange","decl":{"start":{"line":404,"column":9},"end":{"line":404,"column":20}},"loc":{"start":{"line":404,"column":49},"end":{"line":406,"column":1}},"line":404},"17":{"name":"applyWorkspaceEdit","decl":{"start":{"line":408,"column":15},"end":{"line":408,"column":33}},"loc":{"start":{"line":408,"column":71},"end":{"line":423,"column":1}},"line":408}},"branchMap":{"0":{"loc":{"start":{"line":17,"column":54},"end":{"line":17,"column":67}},"type":"default-arg","locations":[{"start":{"line":17,"column":65},"end":{"line":17,"column":67}}],"line":17},"1":{"loc":{"start":{"line":19,"column":2},"end":{"line":19,"column":70}},"type":"if","locations":[{"start":{"line":19,"column":2},"end":{"line":19,"column":70}},{"start":{},"end":{}}],"line":19},"2":{"loc":{"start":{"line":19,"column":6},"end":{"line":19,"column":45}},"type":"binary-expr","locations":[{"start":{"line":19,"column":6},"end":{"line":19,"column":29}},{"start":{"line":19,"column":33},"end":{"line":19,"column":45}}],"line":19},"3":{"loc":{"start":{"line":20,"column":2},"end":{"line":21,"column":27}},"type":"if","locations":[{"start":{"line":20,"column":2},"end":{"line":21,"column":27}},{"start":{},"end":{}}],"line":20},"4":{"loc":{"start":{"line":32,"column":4},"end":{"line":32,"column":60}},"type":"if","locations":[{"start":{"line":32,"column":4},"end":{"line":32,"column":60}},{"start":{},"end":{}}],"line":32},"5":{"loc":{"start":{"line":53,"column":4},"end":{"line":54,"column":61}},"type":"if","locations":[{"start":{"line":53,"column":4},"end":{"line":54,"column":61}},{"start":{},"end":{}}],"line":53},"6":{"loc":{"start":{"line":54,"column":22},"end":{"line":54,"column":59}},"type":"binary-expr","locations":[{"start":{"line":54,"column":22},"end":{"line":54,"column":35}},{"start":{"line":54,"column":39},"end":{"line":54,"column":59}}],"line":54},"7":{"loc":{"start":{"line":59,"column":36},"end":{"line":59,"column":66}},"type":"binary-expr","locations":[{"start":{"line":59,"column":36},"end":{"line":59,"column":47}},{"start":{"line":59,"column":51},"end":{"line":59,"column":66}}],"line":59},"8":{"loc":{"start":{"line":73,"column":15},"end":{"line":73,"column":55}},"type":"binary-expr","locations":[{"start":{"line":73,"column":15},"end":{"line":73,"column":49}},{"start":{"line":73,"column":53},"end":{"line":73,"column":55}}],"line":73},"9":{"loc":{"start":{"line":79,"column":2},"end":{"line":79,"column":73}},"type":"if","locations":[{"start":{"line":79,"column":2},"end":{"line":79,"column":73}},{"start":{},"end":{}}],"line":79},"10":{"loc":{"start":{"line":87,"column":2},"end":{"line":88,"column":75}},"type":"if","locations":[{"start":{"line":87,"column":2},"end":{"line":88,"column":75}},{"start":{},"end":{}}],"line":87},"11":{"loc":{"start":{"line":89,"column":2},"end":{"line":97,"column":3}},"type":"if","locations":[{"start":{"line":89,"column":2},"end":{"line":97,"column":3}},{"start":{},"end":{}}],"line":89},"12":{"loc":{"start":{"line":95,"column":4},"end":{"line":95,"column":45}},"type":"if","locations":[{"start":{"line":95,"column":4},"end":{"line":95,"column":45}},{"start":{},"end":{}}],"line":95},"13":{"loc":{"start":{"line":100,"column":2},"end":{"line":100,"column":27}},"type":"if","locations":[{"start":{"line":100,"column":2},"end":{"line":100,"column":27}},{"start":{},"end":{}}],"line":100},"14":{"loc":{"start":{"line":112,"column":2},"end":{"line":119,"column":3}},"type":"if","locations":[{"start":{"line":112,"column":2},"end":{"line":119,"column":3}},{"start":{},"end":{}}],"line":112},"15":{"loc":{"start":{"line":113,"column":4},"end":{"line":115,"column":5}},"type":"if","locations":[{"start":{"line":113,"column":4},"end":{"line":115,"column":5}},{"start":{},"end":{}}],"line":113},"16":{"loc":{"start":{"line":113,"column":8},"end":{"line":113,"column":77}},"type":"binary-expr","locations":[{"start":{"line":113,"column":8},"end":{"line":113,"column":49}},{"start":{"line":113,"column":53},"end":{"line":113,"column":77}}],"line":113},"17":{"loc":{"start":{"line":144,"column":2},"end":{"line":150,"column":3}},"type":"if","locations":[{"start":{"line":144,"column":2},"end":{"line":150,"column":3}},{"start":{"line":146,"column":9},"end":{"line":150,"column":3}}],"line":144},"18":{"loc":{"start":{"line":146,"column":9},"end":{"line":150,"column":3}},"type":"if","locations":[{"start":{"line":146,"column":9},"end":{"line":150,"column":3}},{"start":{"line":148,"column":9},"end":{"line":150,"column":3}}],"line":146},"19":{"loc":{"start":{"line":174,"column":9},"end":{"line":174,"column":44}},"type":"binary-expr","locations":[{"start":{"line":174,"column":9},"end":{"line":174,"column":21}},{"start":{"line":174,"column":25},"end":{"line":174,"column":32}},{"start":{"line":174,"column":36},"end":{"line":174,"column":44}}],"line":174},"20":{"loc":{"start":{"line":187,"column":2},"end":{"line":260,"column":3}},"type":"if","locations":[{"start":{"line":187,"column":2},"end":{"line":260,"column":3}},{"start":{"line":199,"column":9},"end":{"line":260,"column":3}}],"line":187},"21":{"loc":{"start":{"line":191,"column":6},"end":{"line":197,"column":7}},"type":"if","locations":[{"start":{"line":191,"column":6},"end":{"line":197,"column":7}},{"start":{},"end":{}}],"line":191},"22":{"loc":{"start":{"line":192,"column":8},"end":{"line":194,"column":44}},"type":"binary-expr","locations":[{"start":{"line":192,"column":8},"end":{"line":192,"column":22}},{"start":{"line":193,"column":8},"end":{"line":193,"column":27}},{"start":{"line":194,"column":8},"end":{"line":194,"column":44}}],"line":192},"23":{"loc":{"start":{"line":199,"column":9},"end":{"line":260,"column":3}},"type":"if","locations":[{"start":{"line":199,"column":9},"end":{"line":260,"column":3}},{"start":{"line":211,"column":9},"end":{"line":260,"column":3}}],"line":199},"24":{"loc":{"start":{"line":199,"column":13},"end":{"line":199,"column":64}},"type":"binary-expr","locations":[{"start":{"line":199,"column":13},"end":{"line":199,"column":36}},{"start":{"line":199,"column":40},"end":{"line":199,"column":64}}],"line":199},"25":{"loc":{"start":{"line":203,"column":6},"end":{"line":209,"column":7}},"type":"if","locations":[{"start":{"line":203,"column":6},"end":{"line":209,"column":7}},{"start":{},"end":{}}],"line":203},"26":{"loc":{"start":{"line":204,"column":8},"end":{"line":206,"column":44}},"type":"binary-expr","locations":[{"start":{"line":204,"column":8},"end":{"line":204,"column":22}},{"start":{"line":205,"column":8},"end":{"line":205,"column":27}},{"start":{"line":206,"column":8},"end":{"line":206,"column":44}}],"line":204},"27":{"loc":{"start":{"line":228,"column":8},"end":{"line":230,"column":9}},"type":"if","locations":[{"start":{"line":228,"column":8},"end":{"line":230,"column":9}},{"start":{},"end":{}}],"line":228},"28":{"loc":{"start":{"line":233,"column":8},"end":{"line":235,"column":9}},"type":"if","locations":[{"start":{"line":233,"column":8},"end":{"line":235,"column":9}},{"start":{},"end":{}}],"line":233},"29":{"loc":{"start":{"line":248,"column":8},"end":{"line":257,"column":9}},"type":"if","locations":[{"start":{"line":248,"column":8},"end":{"line":257,"column":9}},{"start":{},"end":{}}],"line":248},"30":{"loc":{"start":{"line":267,"column":2},"end":{"line":276,"column":3}},"type":"if","locations":[{"start":{"line":267,"column":2},"end":{"line":276,"column":3}},{"start":{},"end":{}}],"line":267},"31":{"loc":{"start":{"line":268,"column":4},"end":{"line":270,"column":40}},"type":"binary-expr","locations":[{"start":{"line":268,"column":4},"end":{"line":268,"column":18}},{"start":{"line":269,"column":4},"end":{"line":269,"column":23}},{"start":{"line":270,"column":4},"end":{"line":270,"column":40}}],"line":268},"32":{"loc":{"start":{"line":273,"column":4},"end":{"line":275,"column":5}},"type":"if","locations":[{"start":{"line":273,"column":4},"end":{"line":275,"column":5}},{"start":{},"end":{}}],"line":273},"33":{"loc":{"start":{"line":287,"column":2},"end":{"line":287,"column":61}},"type":"if","locations":[{"start":{"line":287,"column":2},"end":{"line":287,"column":61}},{"start":{},"end":{}}],"line":287},"34":{"loc":{"start":{"line":287,"column":6},"end":{"line":287,"column":52}},"type":"binary-expr","locations":[{"start":{"line":287,"column":6},"end":{"line":287,"column":18}},{"start":{"line":287,"column":22},"end":{"line":287,"column":52}}],"line":287},"35":{"loc":{"start":{"line":292,"column":2},"end":{"line":373,"column":3}},"type":"if","locations":[{"start":{"line":292,"column":2},"end":{"line":373,"column":3}},{"start":{"line":327,"column":9},"end":{"line":373,"column":3}}],"line":292},"36":{"loc":{"start":{"line":312,"column":4},"end":{"line":317,"column":5}},"type":"if","locations":[{"start":{"line":312,"column":4},"end":{"line":317,"column":5}},{"start":{},"end":{}}],"line":312},"37":{"loc":{"start":{"line":325,"column":4},"end":{"line":325,"column":45}},"type":"if","locations":[{"start":{"line":325,"column":4},"end":{"line":325,"column":45}},{"start":{},"end":{}}],"line":325},"38":{"loc":{"start":{"line":353,"column":6},"end":{"line":353,"column":69}},"type":"if","locations":[{"start":{"line":353,"column":6},"end":{"line":353,"column":69}},{"start":{},"end":{}}],"line":353},"39":{"loc":{"start":{"line":353,"column":10},"end":{"line":353,"column":58}},"type":"binary-expr","locations":[{"start":{"line":353,"column":10},"end":{"line":353,"column":21}},{"start":{"line":353,"column":25},"end":{"line":353,"column":58}}],"line":353},"40":{"loc":{"start":{"line":367,"column":6},"end":{"line":370,"column":7}},"type":"if","locations":[{"start":{"line":367,"column":6},"end":{"line":370,"column":7}},{"start":{},"end":{}}],"line":367},"41":{"loc":{"start":{"line":376,"column":2},"end":{"line":383,"column":3}},"type":"if","locations":[{"start":{"line":376,"column":2},"end":{"line":383,"column":3}},{"start":{},"end":{}}],"line":376},"42":{"loc":{"start":{"line":376,"column":6},"end":{"line":376,"column":42}},"type":"binary-expr","locations":[{"start":{"line":376,"column":6},"end":{"line":376,"column":22}},{"start":{"line":376,"column":26},"end":{"line":376,"column":42}}],"line":376},"43":{"loc":{"start":{"line":379,"column":8},"end":{"line":379,"column":37}},"type":"cond-expr","locations":[{"start":{"line":379,"column":29},"end":{"line":379,"column":32}},{"start":{"line":379,"column":35},"end":{"line":379,"column":37}}],"line":379},"44":{"loc":{"start":{"line":381,"column":9},"end":{"line":381,"column":64}},"type":"cond-expr","locations":[{"start":{"line":381,"column":28},"end":{"line":381,"column":59}},{"start":{"line":381,"column":62},"end":{"line":381,"column":64}}],"line":381}},"s":{"0":2,"1":2,"2":2,"3":2,"4":2,"5":2,"6":35,"7":35,"8":5,"9":30,"10":5,"11":25,"12":5,"13":5,"14":5,"15":5,"16":2,"17":3,"18":2,"19":2,"20":5,"21":5,"22":5,"23":5,"24":5,"25":5,"26":5,"27":2,"28":3,"29":2,"30":2,"31":40,"32":40,"33":40,"34":1,"35":40,"36":40,"37":1,"38":39,"39":39,"40":39,"41":39,"42":39,"43":39,"44":3,"45":36,"46":7,"47":7,"48":1,"49":6,"50":35,"51":35,"52":1,"53":34,"54":34,"55":34,"56":15,"57":6,"58":9,"59":19,"60":35,"61":35,"62":34,"63":2,"64":32,"65":4,"66":28,"67":26,"68":26,"69":26,"70":26,"71":26,"72":34,"73":34,"74":5,"75":5,"76":3,"77":3,"78":3,"79":29,"80":5,"81":5,"82":3,"83":3,"84":3,"85":24,"86":24,"87":3,"88":3,"89":21,"90":21,"91":51,"92":51,"93":51,"94":51,"95":11,"96":14,"97":14,"98":31,"99":25,"100":25,"101":19,"102":19,"103":19,"104":19,"105":19,"106":19,"107":0,"108":19,"109":19,"110":19,"111":10,"112":10,"113":10,"114":10,"115":10,"116":10,"117":2,"118":2,"119":8,"120":8,"121":7,"122":8,"123":9,"124":11,"125":11,"126":11,"127":11,"128":11,"129":11,"130":3,"131":8,"132":8,"133":8,"134":6,"135":6,"136":9,"137":17,"138":17,"139":17,"140":17,"141":17,"142":10,"143":10,"144":14,"145":10,"146":19,"147":16,"148":16,"149":16,"150":16,"151":16,"152":13,"153":13,"154":3,"155":3,"156":2},"f":{"0":35,"1":5,"2":5,"3":40,"4":1,"5":35,"6":34,"7":26,"8":34,"9":51,"10":51,"11":11,"12":14,"13":25,"14":19,"15":10,"16":19,"17":16},"b":{"0":[0],"1":[5,30],"2":[35,30],"3":[5,25],"4":[2,3],"5":[2,3],"6":[2,0],"7":[2,0],"8":[1,1],"9":[1,39],"10":[3,36],"11":[7,29],"12":[1,6],"13":[1,34],"14":[15,19],"15":[6,9],"16":[15,9],"17":[2,32],"18":[4,28],"19":[26,1,1],"20":[5,29],"21":[3,0],"22":[3,3,3],"23":[5,24],"24":[29,24],"25":[3,0],"26":[3,3,3],"27":[51,0],"28":[51,0],"29":[14,0],"30":[19,6],"31":[25,23,20],"32":[19,0],"33":[0,19],"34":[19,19],"35":[10,9],"36":[2,8],"37":[7,1],"38":[3,8],"39":[11,8],"40":[6,2],"41":[17,0],"42":[17,5],"43":[10,7],"44":[5,12]},"_coverageSchema":"1a1c01bbd47fc00a2c39e90264f33305004495a9","hash":"0167f10ead02b57a9458bc1296f5fddc11348f40"}
,"C:\\Users\\fmerton001\\Desktop\\pwc-code-refactor-tool\\code-refactoring-tool\\features\\lintErrors.js": {"path":"C:\\Users\\fmerton001\\Desktop\\pwc-code-refactor-tool\\code-refactoring-tool\\features\\lintErrors.js","statementMap":{"0":{"start":{"line":1,"column":15},"end":{"line":1,"column":32}},"1":{"start":{"line":2,"column":11},"end":{"line":2,"column":24}},"2":{"start":{"line":3,"column":13},"end":{"line":3,"column":28}},"3":{"start":{"line":4,"column":19},"end":{"line":4,"column":36}},"4":{"start":{"line":8,"column":4},"end":{"line":10,"column":69}},"5":{"start":{"line":12,"column":2},"end":{"line":20,"column":8}},"6":{"start":{"line":22,"column":20},"end":{"line":22,"column":45}},"7":{"start":{"line":26,"column":17},"end":{"line":26,"column":47}},"8":{"start":{"line":27,"column":2},"end":{"line":29,"column":3}},"9":{"start":{"line":28,"column":4},"end":{"line":28,"column":64}},"10":{"start":{"line":31,"column":19},"end":{"line":31,"column":34}},"11":{"start":{"line":32,"column":19},"end":{"line":32,"column":36}},"12":{"start":{"line":34,"column":2},"end":{"line":36,"column":3}},"13":{"start":{"line":35,"column":4},"end":{"line":35,"column":75}},"14":{"start":{"line":38,"column":2},"end":{"line":42,"column":3}},"15":{"start":{"line":39,"column":23},"end":{"line":39,"column":48}},"16":{"start":{"line":40,"column":4},"end":{"line":40,"column":51}},"17":{"start":{"line":40,"column":44},"end":{"line":40,"column":51}},"18":{"start":{"line":41,"column":4},"end":{"line":41,"column":26}},"19":{"start":{"line":44,"column":2},"end":{"line":48,"column":3}},"20":{"start":{"line":45,"column":4},"end":{"line":47,"column":6}},"21":{"start":{"line":50,"column":2},"end":{"line":54,"column":3}},"22":{"start":{"line":51,"column":4},"end":{"line":53,"column":6}},"23":{"start":{"line":56,"column":21},"end":{"line":56,"column":39}},"24":{"start":{"line":58,"column":2},"end":{"line":86,"column":3}},"25":{"start":{"line":59,"column":36},"end":{"line":59,"column":78}},"26":{"start":{"line":61,"column":4},"end":{"line":61,"column":47}},"27":{"start":{"line":63,"column":4},"end":{"line":65,"column":5}},"28":{"start":{"line":64,"column":6},"end":{"line":64,"column":77}},"29":{"start":{"line":67,"column":23},"end":{"line":67,"column":77}},"30":{"start":{"line":69,"column":24},"end":{"line":69,"column":77}},"31":{"start":{"line":70,"column":4},"end":{"line":70,"column":77}},"32":{"start":{"line":72,"column":4},"end":{"line":81,"column":5}},"33":{"start":{"line":73,"column":6},"end":{"line":73,"column":44}},"34":{"start":{"line":75,"column":21},"end":{"line":75,"column":62}},"35":{"start":{"line":76,"column":6},"end":{"line":76,"column":56}},"36":{"start":{"line":78,"column":6},"end":{"line":78,"column":70}},"37":{"start":{"line":80,"column":6},"end":{"line":80,"column":69}},"38":{"start":{"line":83,"column":4},"end":{"line":85,"column":6}},"39":{"start":{"line":91,"column":2},"end":{"line":95,"column":4}},"40":{"start":{"line":99,"column":30},"end":{"line":99,"column":60}},"41":{"start":{"line":100,"column":2},"end":{"line":100,"column":67}},"42":{"start":{"line":100,"column":43},"end":{"line":100,"column":65}},"43":{"start":{"line":105,"column":4},"end":{"line":105,"column":67}},"44":{"start":{"line":107,"column":22},"end":{"line":116,"column":3}},"45":{"start":{"line":118,"column":2},"end":{"line":120,"column":3}},"46":{"start":{"line":118,"column":30},"end":{"line":118,"column":72}},"47":{"start":{"line":119,"column":4},"end":{"line":119,"column":16}},"48":{"start":{"line":122,"column":18},"end":{"line":122,"column":58}},"49":{"start":{"line":123,"column":2},"end":{"line":130,"column":3}},"50":{"start":{"line":124,"column":4},"end":{"line":129,"column":5}},"51":{"start":{"line":125,"column":18},"end":{"line":125,"column":63}},"52":{"start":{"line":126,"column":6},"end":{"line":126,"column":32}},"53":{"start":{"line":128,"column":6},"end":{"line":128,"column":19}},"54":{"start":{"line":132,"column":2},"end":{"line":132,"column":15}},"55":{"start":{"line":137,"column":4},"end":{"line":137,"column":67}},"56":{"start":{"line":139,"column":17},"end":{"line":139,"column":62}},"57":{"start":{"line":140,"column":18},"end":{"line":140,"column":59}},"58":{"start":{"line":141,"column":19},"end":{"line":141,"column":26}},"59":{"start":{"line":143,"column":2},"end":{"line":146,"column":4}},"60":{"start":{"line":150,"column":17},"end":{"line":150,"column":31}},"61":{"start":{"line":151,"column":25},"end":{"line":151,"column":34}},"62":{"start":{"line":153,"column":23},"end":{"line":160,"column":3}},"63":{"start":{"line":157,"column":8},"end":{"line":157,"column":56}},"64":{"start":{"line":162,"column":14},"end":{"line":162,"column":46}},"65":{"start":{"line":163,"column":20},"end":{"line":163,"column":63}},"66":{"start":{"line":164,"column":19},"end":{"line":164,"column":61}},"67":{"start":{"line":166,"column":2},"end":{"line":166,"column":55}},"68":{"start":{"line":167,"column":2},"end":{"line":167,"column":53}},"69":{"start":{"line":169,"column":2},"end":{"line":174,"column":4}},"70":{"start":{"line":176,"column":17},"end":{"line":180,"column":3}},"71":{"start":{"line":182,"column":2},"end":{"line":182,"column":77}},"72":{"start":{"line":183,"column":2},"end":{"line":183,"column":77}},"73":{"start":{"line":185,"column":2},"end":{"line":187,"column":3}},"74":{"start":{"line":186,"column":4},"end":{"line":186,"column":27}},"75":{"start":{"line":189,"column":2},"end":{"line":189,"column":16}},"76":{"start":{"line":193,"column":15},"end":{"line":193,"column":41}},"77":{"start":{"line":194,"column":20},"end":{"line":197,"column":3}},"78":{"start":{"line":199,"column":2},"end":{"line":199,"column":51}},"79":{"start":{"line":200,"column":2},"end":{"line":200,"column":41}},"80":{"start":{"line":201,"column":2},"end":{"line":201,"column":24}},"81":{"start":{"line":203,"column":2},"end":{"line":203,"column":66}},"82":{"start":{"line":205,"column":22},"end":{"line":205,"column":75}},"83":{"start":{"line":206,"column":2},"end":{"line":206,"column":75}},"84":{"start":{"line":210,"column":22},"end":{"line":237,"column":4}},"85":{"start":{"line":211,"column":22},"end":{"line":211,"column":52}},"86":{"start":{"line":212,"column":21},"end":{"line":212,"column":53}},"87":{"start":{"line":213,"column":20},"end":{"line":213,"column":63}},"88":{"start":{"line":214,"column":19},"end":{"line":214,"column":66}},"89":{"start":{"line":216,"column":18},"end":{"line":219,"column":5}},"90":{"start":{"line":222,"column":6},"end":{"line":228,"column":11}},"91":{"start":{"line":230,"column":4},"end":{"line":236,"column":6}},"92":{"start":{"line":239,"column":2},"end":{"line":239,"column":36}},"93":{"start":{"line":242,"column":0},"end":{"line":242,"column":40}}},"fnMap":{"0":{"name":"getDiagnosticCollection","decl":{"start":{"line":6,"column":9},"end":{"line":6,"column":32}},"loc":{"start":{"line":6,"column":35},"end":{"line":21,"column":1}},"line":6},"1":{"name":"(anonymous_1)","decl":{"start":{"line":15,"column":8},"end":{"line":15,"column":9}},"loc":{"start":{"line":15,"column":14},"end":{"line":15,"column":16}},"line":15},"2":{"name":"(anonymous_2)","decl":{"start":{"line":16,"column":8},"end":{"line":16,"column":9}},"loc":{"start":{"line":16,"column":16},"end":{"line":16,"column":18}},"line":16},"3":{"name":"(anonymous_3)","decl":{"start":{"line":17,"column":8},"end":{"line":17,"column":9}},"loc":{"start":{"line":17,"column":17},"end":{"line":17,"column":19}},"line":17},"4":{"name":"(anonymous_4)","decl":{"start":{"line":18,"column":8},"end":{"line":18,"column":9}},"loc":{"start":{"line":18,"column":18},"end":{"line":18,"column":20}},"line":18},"5":{"name":"(anonymous_5)","decl":{"start":{"line":19,"column":8},"end":{"line":19,"column":9}},"loc":{"start":{"line":19,"column":18},"end":{"line":19,"column":20}},"line":19},"6":{"name":"runLintErrors","decl":{"start":{"line":25,"column":15},"end":{"line":25,"column":28}},"loc":{"start":{"line":25,"column":31},"end":{"line":87,"column":1}},"line":25},"7":{"name":"promptSaveChanges","decl":{"start":{"line":90,"column":15},"end":{"line":90,"column":32}},"loc":{"start":{"line":90,"column":35},"end":{"line":96,"column":1}},"line":90},"8":{"name":"isSupportedFile","decl":{"start":{"line":98,"column":9},"end":{"line":98,"column":24}},"loc":{"start":{"line":98,"column":35},"end":{"line":101,"column":1}},"line":98},"9":{"name":"(anonymous_9)","decl":{"start":{"line":100,"column":34},"end":{"line":100,"column":35}},"loc":{"start":{"line":100,"column":43},"end":{"line":100,"column":65}},"line":100},"10":{"name":"hasESLintConfig","decl":{"start":{"line":103,"column":15},"end":{"line":103,"column":30}},"loc":{"start":{"line":103,"column":33},"end":{"line":133,"column":1}},"line":103},"11":{"name":"(anonymous_11)","decl":{"start":{"line":118,"column":23},"end":{"line":118,"column":24}},"loc":{"start":{"line":118,"column":30},"end":{"line":118,"column":72}},"line":118},"12":{"name":"lintAndFixCode","decl":{"start":{"line":135,"column":15},"end":{"line":135,"column":29}},"loc":{"start":{"line":135,"column":46},"end":{"line":147,"column":1}},"line":135},"13":{"name":"showDiffPreview","decl":{"start":{"line":149,"column":15},"end":{"line":149,"column":30}},"loc":{"start":{"line":149,"column":64},"end":{"line":190,"column":1}},"line":149},"14":{"name":"(anonymous_14)","decl":{"start":{"line":156,"column":6},"end":{"line":156,"column":7}},"loc":{"start":{"line":156,"column":38},"end":{"line":158,"column":7}},"line":156},"15":{"name":"applyFixes","decl":{"start":{"line":192,"column":15},"end":{"line":192,"column":25}},"loc":{"start":{"line":192,"column":47},"end":{"line":207,"column":1}},"line":192},"16":{"name":"publishDiagnostics","decl":{"start":{"line":209,"column":9},"end":{"line":209,"column":27}},"loc":{"start":{"line":209,"column":43},"end":{"line":240,"column":1}},"line":209},"17":{"name":"(anonymous_17)","decl":{"start":{"line":210,"column":43},"end":{"line":210,"column":44}},"loc":{"start":{"line":210,"column":50},"end":{"line":237,"column":3}},"line":210}},"branchMap":{"0":{"loc":{"start":{"line":8,"column":4},"end":{"line":10,"column":69}},"type":"binary-expr","locations":[{"start":{"line":8,"column":4},"end":{"line":8,"column":10}},{"start":{"line":9,"column":4},"end":{"line":9,"column":20}},{"start":{"line":10,"column":4},"end":{"line":10,"column":69}}],"line":8},"1":{"loc":{"start":{"line":12,"column":9},"end":{"line":20,"column":7}},"type":"cond-expr","locations":[{"start":{"line":13,"column":6},"end":{"line":13,"column":68}},{"start":{"line":14,"column":6},"end":{"line":20,"column":7}}],"line":12},"2":{"loc":{"start":{"line":27,"column":2},"end":{"line":29,"column":3}},"type":"if","locations":[{"start":{"line":27,"column":2},"end":{"line":29,"column":3}},{"start":{},"end":{}}],"line":27},"3":{"loc":{"start":{"line":34,"column":2},"end":{"line":36,"column":3}},"type":"if","locations":[{"start":{"line":34,"column":2},"end":{"line":36,"column":3}},{"start":{},"end":{}}],"line":34},"4":{"loc":{"start":{"line":38,"column":2},"end":{"line":42,"column":3}},"type":"if","locations":[{"start":{"line":38,"column":2},"end":{"line":42,"column":3}},{"start":{},"end":{}}],"line":38},"5":{"loc":{"start":{"line":40,"column":4},"end":{"line":40,"column":51}},"type":"if","locations":[{"start":{"line":40,"column":4},"end":{"line":40,"column":51}},{"start":{},"end":{}}],"line":40},"6":{"loc":{"start":{"line":44,"column":2},"end":{"line":48,"column":3}},"type":"if","locations":[{"start":{"line":44,"column":2},"end":{"line":48,"column":3}},{"start":{},"end":{}}],"line":44},"7":{"loc":{"start":{"line":50,"column":2},"end":{"line":54,"column":3}},"type":"if","locations":[{"start":{"line":50,"column":2},"end":{"line":54,"column":3}},{"start":{},"end":{}}],"line":50},"8":{"loc":{"start":{"line":63,"column":4},"end":{"line":65,"column":5}},"type":"if","locations":[{"start":{"line":63,"column":4},"end":{"line":65,"column":5}},{"start":{},"end":{}}],"line":63},"9":{"loc":{"start":{"line":72,"column":4},"end":{"line":81,"column":5}},"type":"if","locations":[{"start":{"line":72,"column":4},"end":{"line":81,"column":5}},{"start":{"line":79,"column":11},"end":{"line":81,"column":5}}],"line":72},"10":{"loc":{"start":{"line":84,"column":29},"end":{"line":84,"column":56}},"type":"binary-expr","locations":[{"start":{"line":84,"column":29},"end":{"line":84,"column":41}},{"start":{"line":84,"column":45},"end":{"line":84,"column":56}}],"line":84},"11":{"loc":{"start":{"line":105,"column":4},"end":{"line":105,"column":67}},"type":"binary-expr","locations":[{"start":{"line":105,"column":4},"end":{"line":105,"column":54}},{"start":{"line":105,"column":58},"end":{"line":105,"column":67}}],"line":105},"12":{"loc":{"start":{"line":118,"column":2},"end":{"line":120,"column":3}},"type":"if","locations":[{"start":{"line":118,"column":2},"end":{"line":120,"column":3}},{"start":{},"end":{}}],"line":118},"13":{"loc":{"start":{"line":123,"column":2},"end":{"line":130,"column":3}},"type":"if","locations":[{"start":{"line":123,"column":2},"end":{"line":130,"column":3}},{"start":{},"end":{}}],"line":123},"14":{"loc":{"start":{"line":137,"column":4},"end":{"line":137,"column":67}},"type":"binary-expr","locations":[{"start":{"line":137,"column":4},"end":{"line":137,"column":54}},{"start":{"line":137,"column":58},"end":{"line":137,"column":67}}],"line":137},"15":{"loc":{"start":{"line":144,"column":15},"end":{"line":144,"column":36}},"type":"binary-expr","locations":[{"start":{"line":144,"column":15},"end":{"line":144,"column":28}},{"start":{"line":144,"column":32},"end":{"line":144,"column":36}}],"line":144},"16":{"loc":{"start":{"line":145,"column":14},"end":{"line":145,"column":35}},"type":"binary-expr","locations":[{"start":{"line":145,"column":14},"end":{"line":145,"column":29}},{"start":{"line":145,"column":33},"end":{"line":145,"column":35}}],"line":145},"17":{"loc":{"start":{"line":157,"column":15},"end":{"line":157,"column":55}},"type":"binary-expr","locations":[{"start":{"line":157,"column":15},"end":{"line":157,"column":49}},{"start":{"line":157,"column":53},"end":{"line":157,"column":55}}],"line":157},"18":{"loc":{"start":{"line":162,"column":14},"end":{"line":162,"column":46}},"type":"binary-expr","locations":[{"start":{"line":162,"column":14},"end":{"line":162,"column":36}},{"start":{"line":162,"column":40},"end":{"line":162,"column":46}}],"line":162},"19":{"loc":{"start":{"line":185,"column":2},"end":{"line":187,"column":3}},"type":"if","locations":[{"start":{"line":185,"column":2},"end":{"line":187,"column":3}},{"start":{},"end":{}}],"line":185},"20":{"loc":{"start":{"line":185,"column":6},"end":{"line":185,"column":64}},"type":"binary-expr","locations":[{"start":{"line":185,"column":6},"end":{"line":185,"column":18}},{"start":{"line":185,"column":22},"end":{"line":185,"column":64}}],"line":185},"21":{"loc":{"start":{"line":210,"column":23},"end":{"line":210,"column":37}},"type":"binary-expr","locations":[{"start":{"line":210,"column":23},"end":{"line":210,"column":31}},{"start":{"line":210,"column":35},"end":{"line":210,"column":37}}],"line":210},"22":{"loc":{"start":{"line":211,"column":35},"end":{"line":211,"column":46}},"type":"binary-expr","locations":[{"start":{"line":211,"column":35},"end":{"line":211,"column":41}},{"start":{"line":211,"column":45},"end":{"line":211,"column":46}}],"line":211},"23":{"loc":{"start":{"line":212,"column":34},"end":{"line":212,"column":47}},"type":"binary-expr","locations":[{"start":{"line":212,"column":34},"end":{"line":212,"column":42}},{"start":{"line":212,"column":46},"end":{"line":212,"column":47}}],"line":212},"24":{"loc":{"start":{"line":213,"column":33},"end":{"line":213,"column":57}},"type":"binary-expr","locations":[{"start":{"line":213,"column":33},"end":{"line":213,"column":42}},{"start":{"line":213,"column":46},"end":{"line":213,"column":52}},{"start":{"line":213,"column":56},"end":{"line":213,"column":57}}],"line":213},"25":{"loc":{"start":{"line":214,"column":32},"end":{"line":214,"column":60}},"type":"binary-expr","locations":[{"start":{"line":214,"column":32},"end":{"line":214,"column":43}},{"start":{"line":214,"column":47},"end":{"line":214,"column":55}},{"start":{"line":214,"column":59},"end":{"line":214,"column":60}}],"line":214},"26":{"loc":{"start":{"line":222,"column":6},"end":{"line":228,"column":11}},"type":"cond-expr","locations":[{"start":{"line":223,"column":10},"end":{"line":225,"column":11}},{"start":{"line":226,"column":10},"end":{"line":228,"column":11}}],"line":222},"27":{"loc":{"start":{"line":223,"column":10},"end":{"line":225,"column":11}},"type":"binary-expr","locations":[{"start":{"line":223,"column":11},"end":{"line":223,"column":36}},{"start":{"line":224,"column":12},"end":{"line":224,"column":43}},{"start":{"line":225,"column":10},"end":{"line":225,"column":11}}],"line":223},"28":{"loc":{"start":{"line":226,"column":10},"end":{"line":228,"column":11}},"type":"binary-expr","locations":[{"start":{"line":226,"column":11},"end":{"line":226,"column":36}},{"start":{"line":227,"column":12},"end":{"line":227,"column":45}},{"start":{"line":228,"column":10},"end":{"line":228,"column":11}}],"line":226},"29":{"loc":{"start":{"line":235,"column":12},"end":{"line":235,"column":33}},"type":"binary-expr","locations":[{"start":{"line":235,"column":12},"end":{"line":235,"column":20}},{"start":{"line":235,"column":24},"end":{"line":235,"column":33}}],"line":235}},"s":{"0":6,"1":6,"2":6,"3":6,"4":6,"5":6,"6":6,"7":31,"8":31,"9":2,"10":29,"11":29,"12":29,"13":2,"14":27,"15":4,"16":4,"17":2,"18":2,"19":25,"20":2,"21":23,"22":4,"23":19,"24":19,"25":19,"26":17,"27":17,"28":9,"29":8,"30":8,"31":8,"32":8,"33":4,"34":4,"35":4,"36":4,"37":4,"38":2,"39":4,"40":25,"41":25,"42":31,"43":23,"44":23,"45":23,"46":69,"47":17,"48":6,"49":6,"50":4,"51":4,"52":2,"53":2,"54":2,"55":23,"56":23,"57":22,"58":21,"59":21,"60":8,"61":8,"62":8,"63":2,"64":8,"65":8,"66":8,"67":8,"68":8,"69":8,"70":8,"71":8,"72":8,"73":8,"74":2,"75":8,"76":4,"77":4,"78":4,"79":4,"80":4,"81":4,"82":4,"83":4,"84":21,"85":4,"86":4,"87":4,"88":4,"89":4,"90":4,"91":4,"92":21,"93":6},"f":{"0":6,"1":15,"2":0,"3":0,"4":0,"5":0,"6":31,"7":4,"8":25,"9":31,"10":23,"11":69,"12":23,"13":8,"14":2,"15":4,"16":21,"17":4},"b":{"0":[6,6,4],"1":[4,2],"2":[2,29],"3":[2,27],"4":[4,23],"5":[2,2],"6":[2,23],"7":[4,19],"8":[9,8],"9":[4,4],"10":[2,0],"11":[23,0],"12":[17,6],"13":[4,2],"14":[23,0],"15":[21,10],"16":[21,15],"17":[2,2],"18":[8,0],"19":[2,6],"20":[8,2],"21":[21,0],"22":[4,0],"23":[4,0],"24":[4,1,0],"25":[4,1,0],"26":[2,2],"27":[2,2,2],"28":[2,2,0],"29":[4,0]},"_coverageSchema":"1a1c01bbd47fc00a2c39e90264f33305004495a9","hash":"4e38f2c982838582292f2f8d08cc36caf49a4f3b"}
,"C:\\Users\\fmerton001\\Desktop\\pwc-code-refactor-tool\\code-refactoring-tool\\utils\\namingUtils.js": {"path":"C:\\Users\\fmerton001\\Desktop\\pwc-code-refactor-tool\\code-refactoring-tool\\utils\\namingUtils.js","statementMap":{"0":{"start":{"line":3,"column":2},"end":{"line":6,"column":4}},"1":{"start":{"line":10,"column":2},"end":{"line":13,"column":4}},"2":{"start":{"line":17,"column":2},"end":{"line":17,"column":46}},"3":{"start":{"line":22,"column":2},"end":{"line":25,"column":47}},"4":{"start":{"line":24,"column":38},"end":{"line":24,"column":62}},"5":{"start":{"line":25,"column":30},"end":{"line":25,"column":45}},"6":{"start":{"line":29,"column":2},"end":{"line":34,"column":14}},"7":{"start":{"line":33,"column":19},"end":{"line":33,"column":77}},"8":{"start":{"line":38,"column":2},"end":{"line":42,"column":19}},"9":{"start":{"line":46,"column":0},"end":{"line":53,"column":2}}},"fnMap":{"0":{"name":"isCamelCase","decl":{"start":{"line":2,"column":9},"end":{"line":2,"column":20}},"loc":{"start":{"line":2,"column":27},"end":{"line":7,"column":1}},"line":2},"1":{"name":"isPascalCase","decl":{"start":{"line":9,"column":9},"end":{"line":9,"column":21}},"loc":{"start":{"line":9,"column":28},"end":{"line":14,"column":1}},"line":9},"2":{"name":"isSnakeCase","decl":{"start":{"line":16,"column":9},"end":{"line":16,"column":20}},"loc":{"start":{"line":16,"column":27},"end":{"line":18,"column":1}},"line":16},"3":{"name":"toCamelCase","decl":{"start":{"line":21,"column":9},"end":{"line":21,"column":20}},"loc":{"start":{"line":21,"column":27},"end":{"line":26,"column":1}},"line":21},"4":{"name":"(anonymous_4)","decl":{"start":{"line":24,"column":27},"end":{"line":24,"column":28}},"loc":{"start":{"line":24,"column":38},"end":{"line":24,"column":62}},"line":24},"5":{"name":"(anonymous_5)","decl":{"start":{"line":25,"column":23},"end":{"line":25,"column":24}},"loc":{"start":{"line":25,"column":30},"end":{"line":25,"column":45}},"line":25},"6":{"name":"toPascalCase","decl":{"start":{"line":28,"column":9},"end":{"line":28,"column":21}},"loc":{"start":{"line":28,"column":28},"end":{"line":35,"column":1}},"line":28},"7":{"name":"(anonymous_7)","decl":{"start":{"line":33,"column":9},"end":{"line":33,"column":10}},"loc":{"start":{"line":33,"column":19},"end":{"line":33,"column":77}},"line":33},"8":{"name":"toSnakeCase","decl":{"start":{"line":37,"column":9},"end":{"line":37,"column":20}},"loc":{"start":{"line":37,"column":27},"end":{"line":43,"column":1}},"line":37}},"branchMap":{"0":{"loc":{"start":{"line":4,"column":4},"end":{"line":5,"column":31}},"type":"binary-expr","locations":[{"start":{"line":4,"column":4},"end":{"line":4,"column":36}},{"start":{"line":5,"column":4},"end":{"line":5,"column":31}}],"line":4},"1":{"loc":{"start":{"line":11,"column":4},"end":{"line":12,"column":22}},"type":"binary-expr","locations":[{"start":{"line":11,"column":4},"end":{"line":11,"column":36}},{"start":{"line":12,"column":4},"end":{"line":12,"column":22}}],"line":11},"2":{"loc":{"start":{"line":24,"column":38},"end":{"line":24,"column":62}},"type":"cond-expr","locations":[{"start":{"line":24,"column":42},"end":{"line":24,"column":57}},{"start":{"line":24,"column":60},"end":{"line":24,"column":62}}],"line":24}},"s":{"0":18,"1":5,"2":8,"3":18,"4":22,"5":2,"6":6,"7":17,"8":8,"9":2},"f":{"0":18,"1":5,"2":8,"3":18,"4":22,"5":2,"6":6,"7":17,"8":8},"b":{"0":[18,2],"1":[5,2],"2":[21,1]},"_coverageSchema":"1a1c01bbd47fc00a2c39e90264f33305004495a9","hash":"51e05881005b672d9b7126fff31a6edb5c2bf880"}
}
