TN:
SF:features\checkStructure.js
FN:21,runCheckStructure
FN:56,promptSaveChanges
FN:64,createWebviewPanel
FN:75,handlePanelMessages
FN:76,(anonymous_4)
FN:87,jumpToLine
FN:102,parseCodeToAST
FN:106,analyseCodeStructure
FN:111,(anonymous_8)
FN:114,(anonymous_9)
FN:126,extractFunctionMetrics
FN:137,(anonymous_11)
FN:151,(anonymous_12)
FN:159,checkTestability
FN:164,(anonymous_14)
FN:178,isNestingNode
FN:189,isComplexityIncreasingNode
FN:199,computeStructureMetrics
FN:202,(anonymous_18)
FN:209,(anonymous_19)
FN:216,(anonymous_20)
FN:217,(anonymous_21)
FN:219,(anonymous_22)
FN:220,(anonymous_23)
FN:257,generateObservations
FN:271,(anonymous_25)
FN:274,(anonymous_26)
FN:281,(anonymous_27)
FN:285,(anonymous_28)
FN:294,(anonymous_29)
FN:296,(anonymous_30)
FN:303,(anonymous_31)
FN:308,(anonymous_32)
FN:316,(anonymous_33)
FN:326,(anonymous_34)
FN:337,exportPdf
FN:355,(anonymous_36)
FN:370,createHtmlContent
FN:371,(anonymous_38)
FN:448,(anonymous_39)
FN:452,(anonymous_40)
FN:456,(anonymous_41)
FN:461,(anonymous_42)
FN:466,(anonymous_43)
FNF:44
FNH:43
FNDA:10,runCheckStructure
FNDA:4,promptSaveChanges
FNDA:3,createWebviewPanel
FNDA:5,handlePanelMessages
FNDA:4,(anonymous_4)
FNDA:2,jumpToLine
FNDA:7,parseCodeToAST
FNDA:14,analyseCodeStructure
FNDA:22,(anonymous_8)
FNDA:4,(anonymous_9)
FNDA:23,extractFunctionMetrics
FNDA:800,(anonymous_11)
FNDA:800,(anonymous_12)
FNDA:24,checkTestability
FNDA:806,(anonymous_14)
FNDA:1600,isNestingNode
FNDA:61,isComplexityIncreasingNode
FNDA:14,computeStructureMetrics
FNDA:22,(anonymous_18)
FNDA:183,(anonymous_19)
FNDA:22,(anonymous_20)
FNDA:22,(anonymous_21)
FNDA:22,(anonymous_22)
FNDA:22,(anonymous_23)
FNDA:14,generateObservations
FNDA:22,(anonymous_25)
FNDA:2,(anonymous_26)
FNDA:22,(anonymous_27)
FNDA:2,(anonymous_28)
FNDA:22,(anonymous_29)
FNDA:11,(anonymous_30)
FNDA:22,(anonymous_31)
FNDA:20,(anonymous_32)
FNDA:2,(anonymous_33)
FNDA:1,(anonymous_34)
FNDA:8,exportPdf
FNDA:0,(anonymous_36)
FNDA:9,createHtmlContent
FNDA:45,(anonymous_38)
FNDA:1,(anonymous_39)
FNDA:1,(anonymous_40)
FNDA:2,(anonymous_41)
FNDA:2,(anonymous_42)
FNDA:8,(anonymous_43)
DA:1,2
DA:2,2
DA:3,2
DA:4,2
DA:5,2
DA:6,2
DA:9,2
DA:18,2
DA:22,10
DA:23,10
DA:25,8
DA:26,8
DA:28,8
DA:29,2
DA:31,6
DA:32,3
DA:33,3
DA:34,1
DA:37,4
DA:38,4
DA:41,4
DA:42,4
DA:44,2
DA:49,2
DA:50,2
DA:51,2
DA:52,2
DA:57,4
DA:65,3
DA:71,3
DA:72,3
DA:76,5
DA:77,4
DA:78,2
DA:79,2
DA:81,4
DA:82,2
DA:88,2
DA:89,2
DA:93,2
DA:94,2
DA:95,2
DA:103,7
DA:107,14
DA:108,14
DA:110,14
DA:112,22
DA:113,22
DA:114,22
DA:115,4
DA:117,22
DA:118,22
DA:119,20
DA:123,14
DA:127,23
DA:128,23
DA:129,23
DA:130,23
DA:131,23
DA:132,23
DA:133,23
DA:134,23
DA:136,23
DA:138,800
DA:139,61
DA:140,61
DA:141,61
DA:143,800
DA:148,6
DA:152,800
DA:156,23
DA:160,24
DA:161,24
DA:163,24
DA:165,806
DA:169,107
DA:171,806
DA:175,24
DA:179,1600
DA:190,61
DA:200,14
DA:202,22
DA:205,14
DA:209,183
DA:216,22
DA:217,22
DA:218,14
DA:220,22
DA:223,14
DA:234,14
DA:236,14
DA:258,14
DA:260,14
DA:261,10
DA:271,22
DA:272,14
DA:273,2
DA:274,2
DA:276,2
DA:281,22
DA:282,14
DA:283,2
DA:286,2
DA:289,2
DA:294,22
DA:295,14
DA:296,11
DA:297,7
DA:302,14
DA:303,14
DA:304,22
DA:305,22
DA:307,14
DA:308,20
DA:310,14
DA:314,3
DA:316,2
DA:321,14
DA:326,1
DA:328,12
DA:333,14
DA:339,8
DA:340,8
DA:342,8
DA:343,4
DA:346,8
DA:351,8
DA:352,8
DA:353,6
DA:354,6
DA:355,6
DA:356,0
DA:357,0
DA:359,0
DA:361,2
DA:362,2
DA:364,2
DA:366,6
DA:371,9
DA:372,45
DA:375,9
DA:381,9
DA:387,9
DA:393,9
DA:448,1
DA:452,1
DA:456,2
DA:462,2
DA:466,8
DA:490,2
LF:150
LH:147
BRDA:23,0,0,2
BRDA:23,0,1,8
BRDA:28,1,0,2
BRDA:28,1,1,6
BRDA:31,2,0,3
BRDA:31,2,1,3
BRDA:33,3,0,2
BRDA:33,3,1,1
BRDA:77,4,0,2
BRDA:77,4,1,2
BRDA:81,5,0,2
BRDA:81,5,1,2
BRDA:114,6,0,22
BRDA:114,6,1,19
BRDA:118,7,0,20
BRDA:118,7,1,2
BRDA:127,8,0,23
BRDA:127,8,1,0
BRDA:131,9,0,23
BRDA:131,9,1,18
BRDA:138,10,0,61
BRDA:138,10,1,739
BRDA:141,11,0,19
BRDA:141,11,1,42
BRDA:143,12,0,6
BRDA:143,12,1,794
BRDA:144,13,0,800
BRDA:144,13,1,800
BRDA:144,13,2,800
BRDA:152,14,0,61
BRDA:152,14,1,739
BRDA:165,15,0,107
BRDA:165,15,1,699
BRDA:166,16,0,806
BRDA:166,16,1,107
BRDA:171,17,0,15
BRDA:171,17,1,791
BRDA:175,18,0,24
BRDA:175,18,1,15
BRDA:180,19,0,1600
BRDA:180,19,1,1566
BRDA:180,19,2,1562
BRDA:180,19,3,1562
BRDA:180,19,4,1478
BRDA:180,19,5,1478
BRDA:191,20,0,61
BRDA:191,20,1,44
BRDA:191,20,2,42
BRDA:191,20,3,42
BRDA:191,20,4,42
BRDA:200,21,0,12
BRDA:200,21,1,2
BRDA:205,22,0,14
BRDA:205,22,1,0
BRDA:209,23,0,183
BRDA:209,23,1,180
BRDA:220,24,0,22
BRDA:220,24,1,11
BRDA:231,25,0,14
BRDA:231,25,1,2
BRDA:260,26,0,10
BRDA:260,26,1,4
BRDA:272,27,0,2
BRDA:272,27,1,12
BRDA:282,28,0,2
BRDA:282,28,1,12
BRDA:295,29,0,7
BRDA:295,29,1,7
BRDA:305,30,0,22
BRDA:305,30,1,20
BRDA:310,31,0,3
BRDA:310,31,1,11
BRDA:311,32,0,14
BRDA:311,32,1,12
BRDA:321,33,0,12
BRDA:321,33,1,2
BRDA:322,34,0,14
BRDA:322,34,1,13
BRDA:322,34,2,1
BRDA:326,35,0,1
BRDA:326,35,1,1
BRDA:339,36,0,8
BRDA:339,36,1,0
BRDA:342,37,0,4
BRDA:342,37,1,4
BRDA:356,38,0,0
BRDA:356,38,1,0
BRDA:371,39,0,45
BRDA:372,40,0,11
BRDA:372,40,1,34
BRDA:372,41,0,45
BRDA:372,41,1,40
BRDA:375,42,0,6
BRDA:375,42,1,3
BRDA:377,43,0,2
BRDA:377,43,1,1
BRDA:381,44,0,6
BRDA:381,44,1,3
BRDA:383,45,0,2
BRDA:383,45,1,1
BRDA:387,46,0,0
BRDA:387,46,1,9
BRDA:389,47,0,0
BRDA:389,47,1,9
BRF:104
BRH:97
end_of_record
TN:
SF:features\fixNaming.js
FN:17,detectPreferredStyleFromLanguage
FN:26,extractPythonNames
FN:42,extractCSharpNames
FN:66,runFixNaming
FN:72,(anonymous_4)
FN:132,promptForNamingStyle
FN:143,getStyleFunctions
FN:153,shouldSkipRename
FN:177,findNamingMismatches
FN:227,(anonymous_9)
FN:232,(anonymous_10)
FN:237,(anonymous_11)
FN:247,(anonymous_12)
FN:265,handleBinding
FN:279,proceedWithRenaming
FN:393,applyAllChanges
FN:404,applyChange
FN:408,applyWorkspaceEdit
FNF:18
FNH:18
FNDA:35,detectPreferredStyleFromLanguage
FNDA:5,extractPythonNames
FNDA:5,extractCSharpNames
FNDA:40,runFixNaming
FNDA:1,(anonymous_4)
FNDA:35,promptForNamingStyle
FNDA:34,getStyleFunctions
FNDA:26,shouldSkipRename
FNDA:34,findNamingMismatches
FNDA:51,(anonymous_9)
FNDA:51,(anonymous_10)
FNDA:11,(anonymous_11)
FNDA:14,(anonymous_12)
FNDA:25,handleBinding
FNDA:19,proceedWithRenaming
FNDA:10,applyAllChanges
FNDA:19,applyChange
FNDA:16,applyWorkspaceEdit
DA:1,2
DA:2,2
DA:3,2
DA:4,2
DA:5,2
DA:14,2
DA:18,35
DA:19,35
DA:20,30
DA:21,5
DA:22,25
DA:27,5
DA:28,5
DA:29,5
DA:32,5
DA:33,3
DA:35,2
DA:38,2
DA:43,5
DA:44,5
DA:45,5
DA:49,5
DA:50,5
DA:51,5
DA:53,5
DA:54,2
DA:56,3
DA:58,2
DA:61,2
DA:67,40
DA:68,40
DA:70,40
DA:73,1
DA:78,40
DA:79,40
DA:81,39
DA:82,39
DA:83,39
DA:84,39
DA:85,39
DA:87,39
DA:88,3
DA:89,36
DA:90,7
DA:95,7
DA:96,6
DA:99,35
DA:100,35
DA:102,34
DA:103,34
DA:112,34
DA:113,15
DA:114,6
DA:116,9
DA:121,19
DA:133,35
DA:134,35
DA:144,34
DA:145,2
DA:146,32
DA:147,4
DA:149,28
DA:154,26
DA:170,26
DA:171,26
DA:172,26
DA:174,26
DA:185,34
DA:187,34
DA:188,5
DA:189,5
DA:190,3
DA:191,3
DA:196,3
DA:199,29
DA:200,5
DA:201,5
DA:202,3
DA:203,3
DA:208,3
DA:213,24
DA:214,24
DA:219,3
DA:222,3
DA:225,21
DA:226,21
DA:228,51
DA:229,51
DA:233,51
DA:234,51
DA:238,11
DA:248,14
DA:249,14
DA:262,31
DA:266,25
DA:267,25
DA:272,19
DA:273,19
DA:274,19
DA:281,19
DA:283,19
DA:287,19
DA:289,19
DA:290,19
DA:292,19
DA:293,10
DA:295,10
DA:298,10
DA:300,10
DA:307,10
DA:312,10
DA:313,2
DA:316,2
DA:319,8
DA:325,8
DA:326,8
DA:328,9
DA:329,11
DA:335,11
DA:338,11
DA:340,11
DA:347,11
DA:353,11
DA:355,8
DA:361,8
DA:367,8
DA:368,6
DA:369,6
DA:372,9
DA:375,17
DA:376,17
DA:377,17
DA:385,17
DA:386,17
DA:394,10
DA:395,10
DA:396,14
DA:401,10
DA:405,19
DA:409,16
DA:410,16
DA:411,16
DA:415,16
DA:416,16
DA:417,13
DA:418,13
DA:420,3
DA:421,3
DA:425,2
LF:149
LH:149
BRDA:17,0,0,0
BRDA:19,1,0,5
BRDA:19,1,1,30
BRDA:19,2,0,35
BRDA:19,2,1,30
BRDA:20,3,0,5
BRDA:20,3,1,25
BRDA:32,4,0,2
BRDA:32,4,1,3
BRDA:53,5,0,2
BRDA:53,5,1,3
BRDA:54,6,0,2
BRDA:54,6,1,0
BRDA:59,7,0,2
BRDA:59,7,1,0
BRDA:73,8,0,1
BRDA:73,8,1,1
BRDA:79,9,0,1
BRDA:79,9,1,39
BRDA:87,10,0,3
BRDA:87,10,1,36
BRDA:89,11,0,7
BRDA:89,11,1,29
BRDA:95,12,0,1
BRDA:95,12,1,6
BRDA:100,13,0,1
BRDA:100,13,1,34
BRDA:112,14,0,15
BRDA:112,14,1,19
BRDA:113,15,0,6
BRDA:113,15,1,9
BRDA:113,16,0,15
BRDA:113,16,1,9
BRDA:144,17,0,2
BRDA:144,17,1,32
BRDA:146,18,0,4
BRDA:146,18,1,28
BRDA:174,19,0,26
BRDA:174,19,1,1
BRDA:174,19,2,1
BRDA:187,20,0,5
BRDA:187,20,1,29
BRDA:191,21,0,3
BRDA:191,21,1,0
BRDA:192,22,0,3
BRDA:192,22,1,3
BRDA:192,22,2,3
BRDA:199,23,0,5
BRDA:199,23,1,24
BRDA:199,24,0,29
BRDA:199,24,1,24
BRDA:203,25,0,3
BRDA:203,25,1,0
BRDA:204,26,0,3
BRDA:204,26,1,3
BRDA:204,26,2,3
BRDA:228,27,0,51
BRDA:228,27,1,0
BRDA:233,28,0,51
BRDA:233,28,1,0
BRDA:248,29,0,14
BRDA:248,29,1,0
BRDA:267,30,0,19
BRDA:267,30,1,6
BRDA:268,31,0,25
BRDA:268,31,1,23
BRDA:268,31,2,20
BRDA:273,32,0,19
BRDA:273,32,1,0
BRDA:287,33,0,0
BRDA:287,33,1,19
BRDA:287,34,0,19
BRDA:287,34,1,19
BRDA:292,35,0,10
BRDA:292,35,1,9
BRDA:312,36,0,2
BRDA:312,36,1,8
BRDA:325,37,0,7
BRDA:325,37,1,1
BRDA:353,38,0,3
BRDA:353,38,1,8
BRDA:353,39,0,11
BRDA:353,39,1,8
BRDA:367,40,0,6
BRDA:367,40,1,2
BRDA:376,41,0,17
BRDA:376,41,1,0
BRDA:376,42,0,17
BRDA:376,42,1,5
BRDA:379,43,0,10
BRDA:379,43,1,7
BRDA:381,44,0,5
BRDA:381,44,1,12
BRF:93
BRH:82
end_of_record
TN:
SF:features\lintErrors.js
FN:6,getDiagnosticCollection
FN:15,(anonymous_1)
FN:16,(anonymous_2)
FN:17,(anonymous_3)
FN:18,(anonymous_4)
FN:19,(anonymous_5)
FN:25,runLintErrors
FN:90,promptSaveChanges
FN:98,isSupportedFile
FN:100,(anonymous_9)
FN:103,hasESLintConfig
FN:118,(anonymous_11)
FN:135,lintAndFixCode
FN:149,showDiffPreview
FN:156,(anonymous_14)
FN:192,applyFixes
FN:209,publishDiagnostics
FN:210,(anonymous_17)
FNF:18
FNH:14
FNDA:6,getDiagnosticCollection
FNDA:15,(anonymous_1)
FNDA:0,(anonymous_2)
FNDA:0,(anonymous_3)
FNDA:0,(anonymous_4)
FNDA:0,(anonymous_5)
FNDA:31,runLintErrors
FNDA:4,promptSaveChanges
FNDA:25,isSupportedFile
FNDA:31,(anonymous_9)
FNDA:23,hasESLintConfig
FNDA:69,(anonymous_11)
FNDA:23,lintAndFixCode
FNDA:8,showDiffPreview
FNDA:2,(anonymous_14)
FNDA:4,applyFixes
FNDA:21,publishDiagnostics
FNDA:4,(anonymous_17)
DA:1,6
DA:2,6
DA:3,6
DA:4,6
DA:8,6
DA:12,6
DA:22,6
DA:26,31
DA:27,31
DA:28,2
DA:31,29
DA:32,29
DA:34,29
DA:35,2
DA:38,27
DA:39,4
DA:40,4
DA:41,2
DA:44,25
DA:45,2
DA:50,23
DA:51,4
DA:56,19
DA:58,19
DA:59,19
DA:61,17
DA:63,17
DA:64,9
DA:67,8
DA:69,8
DA:70,8
DA:72,8
DA:73,4
DA:75,4
DA:76,4
DA:78,4
DA:80,4
DA:83,2
DA:91,4
DA:99,25
DA:100,31
DA:105,23
DA:107,23
DA:118,69
DA:119,17
DA:122,6
DA:123,6
DA:124,4
DA:125,4
DA:126,2
DA:128,2
DA:132,2
DA:137,23
DA:139,23
DA:140,22
DA:141,21
DA:143,21
DA:150,8
DA:151,8
DA:153,8
DA:157,2
DA:162,8
DA:163,8
DA:164,8
DA:166,8
DA:167,8
DA:169,8
DA:176,8
DA:182,8
DA:183,8
DA:185,8
DA:186,2
DA:189,8
DA:193,4
DA:194,4
DA:199,4
DA:200,4
DA:201,4
DA:203,4
DA:205,4
DA:206,4
DA:210,21
DA:211,4
DA:212,4
DA:213,4
DA:214,4
DA:216,4
DA:222,4
DA:230,4
DA:239,21
DA:242,6
LF:91
LH:91
BRDA:8,0,0,6
BRDA:8,0,1,6
BRDA:8,0,2,4
BRDA:12,1,0,4
BRDA:12,1,1,2
BRDA:27,2,0,2
BRDA:27,2,1,29
BRDA:34,3,0,2
BRDA:34,3,1,27
BRDA:38,4,0,4
BRDA:38,4,1,23
BRDA:40,5,0,2
BRDA:40,5,1,2
BRDA:44,6,0,2
BRDA:44,6,1,23
BRDA:50,7,0,4
BRDA:50,7,1,19
BRDA:63,8,0,9
BRDA:63,8,1,8
BRDA:72,9,0,4
BRDA:72,9,1,4
BRDA:84,10,0,2
BRDA:84,10,1,0
BRDA:105,11,0,23
BRDA:105,11,1,0
BRDA:118,12,0,17
BRDA:118,12,1,6
BRDA:123,13,0,4
BRDA:123,13,1,2
BRDA:137,14,0,23
BRDA:137,14,1,0
BRDA:144,15,0,21
BRDA:144,15,1,10
BRDA:145,16,0,21
BRDA:145,16,1,15
BRDA:157,17,0,2
BRDA:157,17,1,2
BRDA:162,18,0,8
BRDA:162,18,1,0
BRDA:185,19,0,2
BRDA:185,19,1,6
BRDA:185,20,0,8
BRDA:185,20,1,2
BRDA:210,21,0,21
BRDA:210,21,1,0
BRDA:211,22,0,4
BRDA:211,22,1,0
BRDA:212,23,0,4
BRDA:212,23,1,0
BRDA:213,24,0,4
BRDA:213,24,1,1
BRDA:213,24,2,0
BRDA:214,25,0,4
BRDA:214,25,1,1
BRDA:214,25,2,0
BRDA:222,26,0,2
BRDA:222,26,1,2
BRDA:223,27,0,2
BRDA:223,27,1,2
BRDA:223,27,2,2
BRDA:226,28,0,2
BRDA:226,28,1,2
BRDA:226,28,2,0
BRDA:235,29,0,4
BRDA:235,29,1,0
BRF:65
BRH:54
end_of_record
TN:
SF:utils\namingUtils.js
FN:2,isCamelCase
FN:9,isPascalCase
FN:16,isSnakeCase
FN:21,toCamelCase
FN:24,(anonymous_4)
FN:25,(anonymous_5)
FN:28,toPascalCase
FN:33,(anonymous_7)
FN:37,toSnakeCase
FNF:9
FNH:9
FNDA:18,isCamelCase
FNDA:5,isPascalCase
FNDA:8,isSnakeCase
FNDA:18,toCamelCase
FNDA:22,(anonymous_4)
FNDA:2,(anonymous_5)
FNDA:6,toPascalCase
FNDA:17,(anonymous_7)
FNDA:8,toSnakeCase
DA:3,18
DA:10,5
DA:17,8
DA:22,18
DA:24,22
DA:25,2
DA:29,6
DA:33,17
DA:38,8
DA:46,2
LF:10
LH:10
BRDA:4,0,0,18
BRDA:4,0,1,2
BRDA:11,1,0,5
BRDA:11,1,1,2
BRDA:24,2,0,21
BRDA:24,2,1,1
BRF:6
BRH:6
end_of_record
