TN:
SF:features\fixNaming.js
FN:17,detectPreferredStyleFromLanguage
FN:26,extractPythonNames
FN:42,extractCSharpNames
FN:66,runFixNaming
FN:72,(anonymous_4)
FN:132,promptForNamingStyle
FN:143,getStyleFunctions
FN:153,shouldSkipRename
FN:177,findNamingMismatches
FN:227,(anonymous_9)
FN:232,(anonymous_10)
FN:237,(anonymous_11)
FN:247,(anonymous_12)
FN:265,handleBinding
FN:279,proceedWithRenaming
FN:393,applyAllChanges
FN:404,applyChange
FN:408,applyWorkspaceEdit
FNF:18
FNH:18
FNDA:16,detectPreferredStyleFromLanguage
FNDA:2,extractPythonNames
FNDA:2,extractCSharpNames
FNDA:19,runFixNaming
FNDA:1,(anonymous_4)
FNDA:16,promptForNamingStyle
FNDA:15,getStyleFunctions
FNDA:9,shouldSkipRename
FNDA:15,findNamingMismatches
FNDA:51,(anonymous_9)
FNDA:51,(anonymous_10)
FNDA:3,(anonymous_11)
FNDA:9,(anonymous_12)
FNDA:12,handleBinding
FNDA:9,proceedWithRenaming
FNDA:5,applyAllChanges
FNDA:8,applyChange
FNDA:8,applyWorkspaceEdit
DA:1,1
DA:2,1
DA:3,1
DA:4,1
DA:5,1
DA:14,1
DA:18,16
DA:19,16
DA:20,14
DA:21,2
DA:22,12
DA:27,2
DA:28,2
DA:29,2
DA:32,2
DA:33,1
DA:35,1
DA:38,1
DA:43,2
DA:44,2
DA:45,2
DA:49,2
DA:50,2
DA:51,2
DA:53,2
DA:54,1
DA:56,1
DA:58,1
DA:61,1
DA:67,19
DA:68,19
DA:70,19
DA:73,1
DA:78,19
DA:79,19
DA:81,18
DA:82,18
DA:83,18
DA:84,18
DA:85,18
DA:87,18
DA:88,1
DA:89,17
DA:90,5
DA:95,5
DA:96,4
DA:99,16
DA:100,16
DA:102,15
DA:103,15
DA:112,15
DA:113,6
DA:114,2
DA:116,4
DA:121,9
DA:133,16
DA:134,16
DA:144,15
DA:145,0
DA:146,15
DA:147,2
DA:149,13
DA:154,9
DA:170,9
DA:171,9
DA:172,9
DA:174,9
DA:185,15
DA:187,15
DA:188,2
DA:189,2
DA:190,1
DA:191,1
DA:196,1
DA:199,13
DA:200,2
DA:201,2
DA:202,1
DA:203,1
DA:208,1
DA:213,11
DA:214,11
DA:219,1
DA:222,1
DA:225,10
DA:226,10
DA:228,51
DA:229,51
DA:233,51
DA:234,51
DA:238,3
DA:248,9
DA:249,9
DA:262,14
DA:266,12
DA:267,12
DA:272,7
DA:273,7
DA:274,7
DA:281,9
DA:283,9
DA:287,9
DA:289,9
DA:290,9
DA:292,9
DA:293,5
DA:295,5
DA:298,5
DA:300,5
DA:307,5
DA:312,5
DA:313,1
DA:316,1
DA:319,4
DA:325,4
DA:326,4
DA:328,4
DA:329,4
DA:335,4
DA:338,4
DA:340,4
DA:347,4
DA:353,4
DA:355,4
DA:361,4
DA:367,4
DA:368,3
DA:369,3
DA:372,4
DA:375,8
DA:376,8
DA:377,8
DA:385,8
DA:386,8
DA:394,5
DA:395,5
DA:396,5
DA:401,5
DA:405,8
DA:409,8
DA:410,8
DA:411,8
DA:415,8
DA:416,8
DA:417,6
DA:418,6
DA:420,2
DA:421,2
DA:425,1
LF:149
LH:148
BRDA:17,0,0,0
BRDA:19,1,0,2
BRDA:19,1,1,14
BRDA:19,2,0,16
BRDA:19,2,1,14
BRDA:20,3,0,2
BRDA:20,3,1,12
BRDA:32,4,0,1
BRDA:32,4,1,1
BRDA:53,5,0,1
BRDA:53,5,1,1
BRDA:54,6,0,1
BRDA:54,6,1,0
BRDA:59,7,0,1
BRDA:59,7,1,0
BRDA:73,8,0,1
BRDA:73,8,1,1
BRDA:79,9,0,1
BRDA:79,9,1,18
BRDA:87,10,0,1
BRDA:87,10,1,17
BRDA:89,11,0,5
BRDA:89,11,1,12
BRDA:95,12,0,1
BRDA:95,12,1,4
BRDA:100,13,0,1
BRDA:100,13,1,15
BRDA:112,14,0,6
BRDA:112,14,1,9
BRDA:113,15,0,2
BRDA:113,15,1,4
BRDA:113,16,0,6
BRDA:113,16,1,4
BRDA:144,17,0,0
BRDA:144,17,1,15
BRDA:146,18,0,2
BRDA:146,18,1,13
BRDA:174,19,0,9
BRDA:174,19,1,0
BRDA:174,19,2,0
BRDA:187,20,0,2
BRDA:187,20,1,13
BRDA:191,21,0,1
BRDA:191,21,1,0
BRDA:192,22,0,1
BRDA:192,22,1,1
BRDA:192,22,2,1
BRDA:199,23,0,2
BRDA:199,23,1,11
BRDA:199,24,0,13
BRDA:199,24,1,11
BRDA:203,25,0,1
BRDA:203,25,1,0
BRDA:204,26,0,1
BRDA:204,26,1,1
BRDA:204,26,2,1
BRDA:228,27,0,51
BRDA:228,27,1,0
BRDA:233,28,0,51
BRDA:233,28,1,0
BRDA:248,29,0,9
BRDA:248,29,1,0
BRDA:267,30,0,7
BRDA:267,30,1,5
BRDA:268,31,0,12
BRDA:268,31,1,10
BRDA:268,31,2,7
BRDA:273,32,0,7
BRDA:273,32,1,0
BRDA:287,33,0,0
BRDA:287,33,1,9
BRDA:287,34,0,9
BRDA:287,34,1,9
BRDA:292,35,0,5
BRDA:292,35,1,4
BRDA:312,36,0,1
BRDA:312,36,1,4
BRDA:325,37,0,3
BRDA:325,37,1,1
BRDA:353,38,0,0
BRDA:353,38,1,4
BRDA:353,39,0,4
BRDA:353,39,1,4
BRDA:367,40,0,3
BRDA:367,40,1,1
BRDA:376,41,0,8
BRDA:376,41,1,0
BRDA:376,42,0,8
BRDA:376,42,1,2
BRDA:379,43,0,2
BRDA:379,43,1,6
BRDA:381,44,0,2
BRDA:381,44,1,6
BRF:93
BRH:78
end_of_record
